2026-03-23 13:23:28 [main] INFO  com.finflow.EurekaServerApplication - Starting EurekaServerApplication using Java 17.0.11 with PID 17704 (D:\FinFlow\eureka-server\target\classes started by krish in D:\FinFlow\eureka-server)
2026-03-23 13:23:28 [main] DEBUG com.finflow.EurekaServerApplication - Running with Spring Boot v3.5.12, Spring v6.2.17
2026-03-23 13:23:28 [main] INFO  com.finflow.EurekaServerApplication - No active profile set, falling back to 1 default profile: "default"
2026-03-23 13:23:30 [main] INFO  o.s.cloud.context.scope.GenericScope - BeanFactory id=cccd2b7a-f7c7-3919-b712-fb1c97abbeeb
2026-03-23 13:23:30 [main] INFO  o.s.b.w.e.tomcat.TomcatWebServer - Tomcat initialized with port 8761 (http)
2026-03-23 13:23:30 [main] INFO  o.a.coyote.http11.Http11NioProtocol - Initializing ProtocolHandler ["http-nio-8761"]
2026-03-23 13:23:30 [main] INFO  o.a.catalina.core.StandardService - Starting service [Tomcat]
2026-03-23 13:23:30 [main] INFO  o.a.catalina.core.StandardEngine - Starting Servlet engine: [Apache Tomcat/10.1.52]
2026-03-23 13:23:31 [main] INFO  o.a.c.c.C.[Tomcat].[localhost].[/] - Initializing Spring embedded WebApplicationContext
2026-03-23 13:23:31 [main] INFO  o.s.b.w.s.c.ServletWebServerApplicationContext - Root WebApplicationContext: initialization completed in 1983 ms
2026-03-23 13:23:32 [main] INFO  o.s.v.b.OptionalValidatorFactoryBean - Failed to set up a Bean Validation provider: jakarta.validation.NoProviderFoundException: Unable to create a Configuration, because no Jakarta Bean Validation provider could be found. Add a provider like Hibernate Validator (RI) to your classpath.
2026-03-23 13:23:33 [main] WARN  o.s.c.l.c.LoadBalancerCacheAutoConfiguration$LoadBalancerCaffeineWarnLogger - Spring Cloud LoadBalancer is currently working with the default cache. While this cache implementation is useful for development and tests, it's recommended to use Caffeine cache in production.You can switch to using Caffeine cache, by adding it and org.springframework.cache.caffeine.CaffeineCacheManager to the classpath.
2026-03-23 13:23:33 [main] INFO  o.s.c.n.eureka.InstanceInfoFactory - Setting initial instance status as: STARTING
2026-03-23 13:23:33 [main] WARN  c.n.eureka.cluster.PeerEurekaNodes - The replica size seems to be empty. Check the route 53 DNS Registry
2026-03-23 13:23:33 [main] INFO  o.s.b.a.e.web.EndpointLinksResolver - Exposing 1 endpoint beneath base path '/actuator'
2026-03-23 13:23:33 [main] INFO  o.s.c.n.e.s.EurekaServiceRegistry - Registering application EUREKA-SERVER with eureka with status UP
2026-03-23 13:23:33 [main] INFO  o.a.coyote.http11.Http11NioProtocol - Starting ProtocolHandler ["http-nio-8761"]
2026-03-23 13:23:33 [Thread-9] INFO  o.s.c.n.e.s.EurekaServerBootstrap - isAws returned false
2026-03-23 13:23:33 [Thread-9] INFO  o.s.c.n.e.s.EurekaServerBootstrap - Initialized server context
2026-03-23 13:23:33 [Thread-9] INFO  o.s.c.n.e.s.EurekaServerInitializerConfiguration - Started Eureka Server
2026-03-23 13:23:33 [main] INFO  o.s.b.w.e.tomcat.TomcatWebServer - Tomcat started on port 8761 (http) with context path '/'
2026-03-23 13:23:33 [main] INFO  o.s.c.n.e.s.EurekaAutoServiceRegistration - Updating port to 8761
2026-03-23 13:23:33 [main] INFO  com.finflow.EurekaServerApplication - Started EurekaServerApplication in 6.021 seconds (process running for 7.148)
2026-03-23 13:23:33 [main] INFO  com.finflow.EurekaServerApplication - ✅ Eureka Server Started on port 8761
2026-03-23 13:23:33 [main] INFO  com.finflow.EurekaServerApplication - 📡 Dashboard → http://localhost:8761
2026-03-23 13:23:34 [RMI TCP Connection(8)-127.0.0.1] INFO  o.a.c.c.C.[Tomcat].[localhost].[/] - Initializing Spring DispatcherServlet 'dispatcherServlet'
2026-03-23 13:23:34 [RMI TCP Connection(8)-127.0.0.1] INFO  o.s.web.servlet.DispatcherServlet - Initializing Servlet 'dispatcherServlet'
2026-03-23 13:23:34 [RMI TCP Connection(8)-127.0.0.1] INFO  o.s.web.servlet.DispatcherServlet - Completed initialization in 1 ms
2026-03-23 13:33:33 [Eureka-PeerNodesUpdater] WARN  c.n.eureka.cluster.PeerEurekaNodes - The replica size seems to be empty. Check the route 53 DNS Registry
2026-03-23 13:43:33 [Eureka-PeerNodesUpdater] WARN  c.n.eureka.cluster.PeerEurekaNodes - The replica size seems to be empty. Check the route 53 DNS Registry
2026-03-23 13:53:36 [Eureka-PeerNodesUpdater] WARN  c.n.eureka.cluster.PeerEurekaNodes - The replica size seems to be empty. Check the route 53 DNS Registry
2026-03-23 14:03:36 [Eureka-PeerNodesUpdater] WARN  c.n.eureka.cluster.PeerEurekaNodes - The replica size seems to be empty. Check the route 53 DNS Registry
2026-03-23 14:13:36 [Eureka-PeerNodesUpdater] WARN  c.n.eureka.cluster.PeerEurekaNodes - The replica size seems to be empty. Check the route 53 DNS Registry
2026-03-23 14:23:36 [Eureka-PeerNodesUpdater] WARN  c.n.eureka.cluster.PeerEurekaNodes - The replica size seems to be empty. Check the route 53 DNS Registry
2026-03-23 14:33:36 [Eureka-PeerNodesUpdater] WARN  c.n.eureka.cluster.PeerEurekaNodes - The replica size seems to be empty. Check the route 53 DNS Registry
2026-03-23 14:43:36 [Eureka-PeerNodesUpdater] WARN  c.n.eureka.cluster.PeerEurekaNodes - The replica size seems to be empty. Check the route 53 DNS Registry
2026-03-23 14:56:27 [Eureka-PeerNodesUpdater] WARN  c.n.eureka.cluster.PeerEurekaNodes - The replica size seems to be empty. Check the route 53 DNS Registry
2026-03-23 15:06:27 [Eureka-PeerNodesUpdater] WARN  c.n.eureka.cluster.PeerEurekaNodes - The replica size seems to be empty. Check the route 53 DNS Registry
2026-03-23 15:16:27 [Eureka-PeerNodesUpdater] WARN  c.n.eureka.cluster.PeerEurekaNodes - The replica size seems to be empty. Check the route 53 DNS Registry
2026-03-23 15:31:23 [Eureka-PeerNodesUpdater] WARN  c.n.eureka.cluster.PeerEurekaNodes - The replica size seems to be empty. Check the route 53 DNS Registry
2026-03-23 15:41:23 [Eureka-PeerNodesUpdater] WARN  c.n.eureka.cluster.PeerEurekaNodes - The replica size seems to be empty. Check the route 53 DNS Registry
2026-03-23 15:51:23 [Eureka-PeerNodesUpdater] WARN  c.n.eureka.cluster.PeerEurekaNodes - The replica size seems to be empty. Check the route 53 DNS Registry
2026-03-23 16:00:03 [RMI TCP Connection(161)-127.0.0.1] INFO  o.s.b.a.SpringApplicationAdminMXBeanRegistrar$SpringApplicationAdmin - Application shutdown requested.
2026-03-23 16:00:03 [RMI TCP Connection(161)-127.0.0.1] INFO  o.s.c.n.e.s.EurekaServiceRegistry - Unregistering application EUREKA-SERVER with eureka with status DOWN
2026-03-23 16:00:04 [RMI TCP Connection(161)-127.0.0.1] INFO  o.s.b.w.e.tomcat.GracefulShutdown - Commencing graceful shutdown. Waiting for active requests to complete
2026-03-23 16:00:04 [tomcat-shutdown] INFO  o.a.coyote.http11.Http11NioProtocol - Pausing ProtocolHandler ["http-nio-8761"]
2026-03-23 16:00:04 [tomcat-shutdown] INFO  o.s.b.w.e.tomcat.GracefulShutdown - Graceful shutdown complete
2026-03-23 16:00:04 [RMI TCP Connection(161)-127.0.0.1] INFO  o.a.coyote.http11.Http11NioProtocol - Stopping ProtocolHandler ["http-nio-8761"]
2026-03-23 16:00:04 [RMI TCP Connection(161)-127.0.0.1] INFO  o.s.c.n.e.s.EurekaServerBootstrap - Shutting down Eureka Server..
2026-03-23 16:00:04 [RMI TCP Connection(161)-127.0.0.1] INFO  o.s.c.n.e.s.EurekaServerBootstrap - Eureka Service is now shutdown...
2026-03-23 16:38:48 [main] INFO  com.finflow.EurekaServerApplication - Starting EurekaServerApplication using Java 17.0.11 with PID 14212 (D:\FinFlow\eureka-server\target\classes started by krish in D:\FinFlow\eureka-server)
2026-03-23 16:38:48 [main] DEBUG com.finflow.EurekaServerApplication - Running with Spring Boot v3.5.12, Spring v6.2.17
2026-03-23 16:38:48 [main] INFO  com.finflow.EurekaServerApplication - No active profile set, falling back to 1 default profile: "default"
2026-03-23 16:38:50 [main] INFO  o.s.cloud.context.scope.GenericScope - BeanFactory id=0c57109e-5125-37d7-86e0-7b67bb0b0c51
2026-03-23 16:38:52 [main] INFO  o.s.b.w.e.tomcat.TomcatWebServer - Tomcat initialized with port 8761 (http)
2026-03-23 16:38:52 [main] INFO  o.a.coyote.http11.Http11NioProtocol - Initializing ProtocolHandler ["http-nio-8761"]
2026-03-23 16:38:52 [main] INFO  o.a.catalina.core.StandardService - Starting service [Tomcat]
2026-03-23 16:38:52 [main] INFO  o.a.catalina.core.StandardEngine - Starting Servlet engine: [Apache Tomcat/10.1.52]
2026-03-23 16:38:52 [main] INFO  o.a.c.c.C.[Tomcat].[localhost].[/] - Initializing Spring embedded WebApplicationContext
2026-03-23 16:38:52 [main] INFO  o.s.b.w.s.c.ServletWebServerApplicationContext - Root WebApplicationContext: initialization completed in 3890 ms
2026-03-23 16:38:54 [main] INFO  o.s.v.b.OptionalValidatorFactoryBean - Failed to set up a Bean Validation provider: jakarta.validation.NoProviderFoundException: Unable to create a Configuration, because no Jakarta Bean Validation provider could be found. Add a provider like Hibernate Validator (RI) to your classpath.
2026-03-23 16:38:56 [main] WARN  o.s.c.l.c.LoadBalancerCacheAutoConfiguration$LoadBalancerCaffeineWarnLogger - Spring Cloud LoadBalancer is currently working with the default cache. While this cache implementation is useful for development and tests, it's recommended to use Caffeine cache in production.You can switch to using Caffeine cache, by adding it and org.springframework.cache.caffeine.CaffeineCacheManager to the classpath.
2026-03-23 16:38:56 [main] INFO  o.s.c.n.eureka.InstanceInfoFactory - Setting initial instance status as: STARTING
2026-03-23 16:38:56 [main] WARN  c.n.eureka.cluster.PeerEurekaNodes - The replica size seems to be empty. Check the route 53 DNS Registry
2026-03-23 16:38:56 [main] INFO  o.s.b.a.e.web.EndpointLinksResolver - Exposing 1 endpoint beneath base path '/actuator'
2026-03-23 16:38:57 [main] INFO  o.s.c.n.e.s.EurekaServiceRegistry - Registering application EUREKA-SERVER with eureka with status UP
2026-03-23 16:38:57 [main] INFO  o.a.coyote.http11.Http11NioProtocol - Starting ProtocolHandler ["http-nio-8761"]
2026-03-23 16:38:59 [Thread-9] INFO  o.s.c.n.e.s.EurekaServerBootstrap - isAws returned false
2026-03-23 16:38:59 [Thread-9] INFO  o.s.c.n.e.s.EurekaServerBootstrap - Initialized server context
2026-03-23 16:38:59 [Thread-9] INFO  o.s.c.n.e.s.EurekaServerInitializerConfiguration - Started Eureka Server
2026-03-23 16:39:00 [main] INFO  o.s.b.w.e.tomcat.TomcatWebServer - Tomcat started on port 8761 (http) with context path '/'
2026-03-23 16:39:00 [main] INFO  o.s.c.n.e.s.EurekaAutoServiceRegistration - Updating port to 8761
2026-03-23 16:39:00 [main] INFO  com.finflow.EurekaServerApplication - Started EurekaServerApplication in 13.146 seconds (process running for 13.923)
2026-03-23 16:39:00 [main] INFO  com.finflow.EurekaServerApplication - ? Eureka Server Started on port 8761
2026-03-23 16:39:00 [main] INFO  com.finflow.EurekaServerApplication - ? Dashboard ? http://localhost:8761
2026-03-23 16:40:38 [http-nio-8761-exec-9] INFO  o.a.c.c.C.[Tomcat].[localhost].[/] - Initializing Spring DispatcherServlet 'dispatcherServlet'
2026-03-23 16:40:38 [http-nio-8761-exec-9] INFO  o.s.web.servlet.DispatcherServlet - Initializing Servlet 'dispatcherServlet'
2026-03-23 16:40:38 [http-nio-8761-exec-9] INFO  o.s.web.servlet.DispatcherServlet - Completed initialization in 14 ms
2026-03-23 16:48:56 [Eureka-PeerNodesUpdater] WARN  c.n.eureka.cluster.PeerEurekaNodes - The replica size seems to be empty. Check the route 53 DNS Registry
2026-03-23 16:58:27 [SpringApplicationShutdownHook] INFO  o.s.c.n.e.s.EurekaServiceRegistry - Unregistering application EUREKA-SERVER with eureka with status DOWN
2026-03-23 16:58:27 [SpringApplicationShutdownHook] INFO  o.s.b.w.e.tomcat.GracefulShutdown - Commencing graceful shutdown. Waiting for active requests to complete
2026-03-23 16:58:27 [tomcat-shutdown] INFO  o.s.b.w.e.tomcat.GracefulShutdown - Graceful shutdown complete
2026-03-23 16:58:27 [SpringApplicationShutdownHook] INFO  o.s.c.n.e.s.EurekaServerBootstrap - Shutting down Eureka Server..
2026-03-23 16:58:27 [SpringApplicationShutdownHook] INFO  o.s.c.n.e.s.EurekaServerBootstrap - Eureka Service is now shutdown...
2026-03-23 16:59:16 [main] INFO  com.finflow.EurekaServerApplication - Starting EurekaServerApplication using Java 17.0.11 with PID 17240 (D:\FinFlow\eureka-server\target\classes started by krish in D:\FinFlow\eureka-server)
2026-03-23 16:59:16 [main] DEBUG com.finflow.EurekaServerApplication - Running with Spring Boot v3.5.12, Spring v6.2.17
2026-03-23 16:59:16 [main] INFO  com.finflow.EurekaServerApplication - No active profile set, falling back to 1 default profile: "default"
2026-03-23 16:59:18 [main] INFO  o.s.cloud.context.scope.GenericScope - BeanFactory id=0c57109e-5125-37d7-86e0-7b67bb0b0c51
2026-03-23 16:59:18 [main] INFO  o.s.b.w.e.tomcat.TomcatWebServer - Tomcat initialized with port 8761 (http)
2026-03-23 16:59:18 [main] INFO  o.a.coyote.http11.Http11NioProtocol - Initializing ProtocolHandler ["http-nio-8761"]
2026-03-23 16:59:18 [main] INFO  o.a.catalina.core.StandardService - Starting service [Tomcat]
2026-03-23 16:59:18 [main] INFO  o.a.catalina.core.StandardEngine - Starting Servlet engine: [Apache Tomcat/10.1.52]
2026-03-23 16:59:18 [main] INFO  o.a.c.c.C.[Tomcat].[localhost].[/] - Initializing Spring embedded WebApplicationContext
2026-03-23 16:59:18 [main] INFO  o.s.b.w.s.c.ServletWebServerApplicationContext - Root WebApplicationContext: initialization completed in 2008 ms
2026-03-23 16:59:20 [main] INFO  o.s.v.b.OptionalValidatorFactoryBean - Failed to set up a Bean Validation provider: jakarta.validation.NoProviderFoundException: Unable to create a Configuration, because no Jakarta Bean Validation provider could be found. Add a provider like Hibernate Validator (RI) to your classpath.
2026-03-23 16:59:21 [main] WARN  o.s.c.l.c.LoadBalancerCacheAutoConfiguration$LoadBalancerCaffeineWarnLogger - Spring Cloud LoadBalancer is currently working with the default cache. While this cache implementation is useful for development and tests, it's recommended to use Caffeine cache in production.You can switch to using Caffeine cache, by adding it and org.springframework.cache.caffeine.CaffeineCacheManager to the classpath.
2026-03-23 16:59:21 [main] INFO  o.s.c.n.eureka.InstanceInfoFactory - Setting initial instance status as: STARTING
2026-03-23 16:59:21 [main] WARN  c.n.eureka.cluster.PeerEurekaNodes - The replica size seems to be empty. Check the route 53 DNS Registry
2026-03-23 16:59:21 [main] INFO  o.s.b.a.e.web.EndpointLinksResolver - Exposing 1 endpoint beneath base path '/actuator'
2026-03-23 16:59:21 [main] INFO  o.s.c.n.e.s.EurekaServiceRegistry - Registering application EUREKA-SERVER with eureka with status UP
2026-03-23 16:59:21 [main] INFO  o.a.coyote.http11.Http11NioProtocol - Starting ProtocolHandler ["http-nio-8761"]
2026-03-23 16:59:21 [Thread-9] INFO  o.s.c.n.e.s.EurekaServerBootstrap - isAws returned false
2026-03-23 16:59:21 [Thread-9] INFO  o.s.c.n.e.s.EurekaServerBootstrap - Initialized server context
2026-03-23 16:59:21 [Thread-9] INFO  o.s.c.n.e.s.EurekaServerInitializerConfiguration - Started Eureka Server
2026-03-23 16:59:21 [main] INFO  o.s.b.w.e.tomcat.TomcatWebServer - Tomcat started on port 8761 (http) with context path '/'
2026-03-23 16:59:21 [main] INFO  o.s.c.n.e.s.EurekaAutoServiceRegistration - Updating port to 8761
2026-03-23 16:59:21 [main] INFO  com.finflow.EurekaServerApplication - Started EurekaServerApplication in 6.322 seconds (process running for 7.188)
2026-03-23 16:59:22 [main] INFO  com.finflow.EurekaServerApplication - ? Eureka Server Started on port 8761
2026-03-23 16:59:22 [main] INFO  com.finflow.EurekaServerApplication - ? Dashboard ? http://localhost:8761
2026-03-23 16:59:50 [http-nio-8761-exec-1] INFO  o.a.c.c.C.[Tomcat].[localhost].[/] - Initializing Spring DispatcherServlet 'dispatcherServlet'
2026-03-23 16:59:50 [http-nio-8761-exec-1] INFO  o.s.web.servlet.DispatcherServlet - Initializing Servlet 'dispatcherServlet'
2026-03-23 16:59:50 [http-nio-8761-exec-1] INFO  o.s.web.servlet.DispatcherServlet - Completed initialization in 1 ms
2026-03-23 17:05:27 [SpringApplicationShutdownHook] INFO  o.s.c.n.e.s.EurekaServiceRegistry - Unregistering application EUREKA-SERVER with eureka with status DOWN
2026-03-23 17:05:27 [SpringApplicationShutdownHook] INFO  o.s.b.w.e.tomcat.GracefulShutdown - Commencing graceful shutdown. Waiting for active requests to complete
2026-03-23 17:05:28 [tomcat-shutdown] INFO  o.s.b.w.e.tomcat.GracefulShutdown - Graceful shutdown complete
2026-03-23 17:05:28 [SpringApplicationShutdownHook] INFO  o.s.c.n.e.s.EurekaServerBootstrap - Shutting down Eureka Server..
2026-03-23 17:05:28 [SpringApplicationShutdownHook] INFO  o.s.c.n.e.s.EurekaServerBootstrap - Eureka Service is now shutdown...
2026-03-23 17:17:07 [main] INFO  com.finflow.EurekaServerApplication - Starting EurekaServerApplication using Java 17.0.11 with PID 15864 (D:\FinFlow\eureka-server\target\classes started by krish in D:\FinFlow\eureka-server)
2026-03-23 17:17:07 [main] DEBUG com.finflow.EurekaServerApplication - Running with Spring Boot v3.5.12, Spring v6.2.17
2026-03-23 17:17:07 [main] INFO  com.finflow.EurekaServerApplication - No active profile set, falling back to 1 default profile: "default"
2026-03-23 17:17:09 [main] INFO  o.s.cloud.context.scope.GenericScope - BeanFactory id=0c57109e-5125-37d7-86e0-7b67bb0b0c51
2026-03-23 17:17:10 [main] INFO  o.s.b.w.e.tomcat.TomcatWebServer - Tomcat initialized with port 8761 (http)
2026-03-23 17:17:10 [main] INFO  o.a.coyote.http11.Http11NioProtocol - Initializing ProtocolHandler ["http-nio-8761"]
2026-03-23 17:17:10 [main] INFO  o.a.catalina.core.StandardService - Starting service [Tomcat]
2026-03-23 17:17:10 [main] INFO  o.a.catalina.core.StandardEngine - Starting Servlet engine: [Apache Tomcat/10.1.52]
2026-03-23 17:17:10 [main] INFO  o.a.c.c.C.[Tomcat].[localhost].[/] - Initializing Spring embedded WebApplicationContext
2026-03-23 17:17:10 [main] INFO  o.s.b.w.s.c.ServletWebServerApplicationContext - Root WebApplicationContext: initialization completed in 3265 ms
2026-03-23 17:17:13 [main] INFO  o.s.v.b.OptionalValidatorFactoryBean - Failed to set up a Bean Validation provider: jakarta.validation.NoProviderFoundException: Unable to create a Configuration, because no Jakarta Bean Validation provider could be found. Add a provider like Hibernate Validator (RI) to your classpath.
2026-03-23 17:17:15 [main] WARN  o.s.c.l.c.LoadBalancerCacheAutoConfiguration$LoadBalancerCaffeineWarnLogger - Spring Cloud LoadBalancer is currently working with the default cache. While this cache implementation is useful for development and tests, it's recommended to use Caffeine cache in production.You can switch to using Caffeine cache, by adding it and org.springframework.cache.caffeine.CaffeineCacheManager to the classpath.
2026-03-23 17:17:15 [main] INFO  o.s.c.n.eureka.InstanceInfoFactory - Setting initial instance status as: STARTING
2026-03-23 17:17:15 [main] WARN  c.n.eureka.cluster.PeerEurekaNodes - The replica size seems to be empty. Check the route 53 DNS Registry
2026-03-23 17:17:15 [main] INFO  o.s.b.a.e.web.EndpointLinksResolver - Exposing 1 endpoint beneath base path '/actuator'
2026-03-23 17:17:15 [main] INFO  o.s.c.n.e.s.EurekaServiceRegistry - Registering application EUREKA-SERVER with eureka with status UP
2026-03-23 17:17:15 [main] INFO  o.a.coyote.http11.Http11NioProtocol - Starting ProtocolHandler ["http-nio-8761"]
2026-03-23 17:17:15 [Thread-9] INFO  o.s.c.n.e.s.EurekaServerBootstrap - isAws returned false
2026-03-23 17:17:15 [Thread-9] INFO  o.s.c.n.e.s.EurekaServerBootstrap - Initialized server context
2026-03-23 17:17:15 [Thread-9] INFO  o.s.c.n.e.s.EurekaServerInitializerConfiguration - Started Eureka Server
2026-03-23 17:17:15 [main] INFO  o.s.b.w.e.tomcat.TomcatWebServer - Tomcat started on port 8761 (http) with context path '/'
2026-03-23 17:17:15 [main] INFO  o.s.c.n.e.s.EurekaAutoServiceRegistration - Updating port to 8761
2026-03-23 17:17:15 [main] INFO  com.finflow.EurekaServerApplication - Started EurekaServerApplication in 10.044 seconds (process running for 11.142)
2026-03-23 17:17:15 [main] INFO  com.finflow.EurekaServerApplication - ? Eureka Server Started on port 8761
2026-03-23 17:17:15 [main] INFO  com.finflow.EurekaServerApplication - ? Dashboard ? http://localhost:8761
2026-03-23 17:17:58 [http-nio-8761-exec-1] INFO  o.a.c.c.C.[Tomcat].[localhost].[/] - Initializing Spring DispatcherServlet 'dispatcherServlet'
2026-03-23 17:17:58 [http-nio-8761-exec-1] INFO  o.s.web.servlet.DispatcherServlet - Initializing Servlet 'dispatcherServlet'
2026-03-23 17:17:58 [http-nio-8761-exec-1] INFO  o.s.web.servlet.DispatcherServlet - Completed initialization in 14 ms
2026-03-23 21:49:11 [Eureka-PeerNodesUpdater] WARN  c.n.eureka.cluster.PeerEurekaNodes - The replica size seems to be empty. Check the route 53 DNS Registry
2026-03-23 21:49:29 [SpringApplicationShutdownHook] INFO  o.s.c.n.e.s.EurekaServiceRegistry - Unregistering application EUREKA-SERVER with eureka with status DOWN
2026-03-23 21:49:29 [SpringApplicationShutdownHook] INFO  o.s.b.w.e.tomcat.GracefulShutdown - Commencing graceful shutdown. Waiting for active requests to complete
2026-03-23 21:49:30 [tomcat-shutdown] INFO  o.s.b.w.e.tomcat.GracefulShutdown - Graceful shutdown complete
2026-03-23 21:49:30 [SpringApplicationShutdownHook] INFO  o.s.c.n.e.s.EurekaServerBootstrap - Shutting down Eureka Server..
2026-03-23 21:49:30 [SpringApplicationShutdownHook] INFO  o.s.c.n.e.s.EurekaServerBootstrap - Eureka Service is now shutdown...
2026-03-23 21:49:46 [main] INFO  com.finflow.EurekaServerApplication - Starting EurekaServerApplication using Java 17.0.11 with PID 23220 (D:\FinFlow\eureka-server\target\classes started by krish in D:\FinFlow\eureka-server)
2026-03-23 21:49:46 [main] DEBUG com.finflow.EurekaServerApplication - Running with Spring Boot v3.5.12, Spring v6.2.17
2026-03-23 21:49:46 [main] INFO  com.finflow.EurekaServerApplication - No active profile set, falling back to 1 default profile: "default"
2026-03-23 21:49:47 [main] INFO  o.s.cloud.context.scope.GenericScope - BeanFactory id=0c57109e-5125-37d7-86e0-7b67bb0b0c51
2026-03-23 21:49:47 [main] INFO  o.s.b.w.e.tomcat.TomcatWebServer - Tomcat initialized with port 8761 (http)
2026-03-23 21:49:47 [main] INFO  o.a.coyote.http11.Http11NioProtocol - Initializing ProtocolHandler ["http-nio-8761"]
2026-03-23 21:49:47 [main] INFO  o.a.catalina.core.StandardService - Starting service [Tomcat]
2026-03-23 21:49:47 [main] INFO  o.a.catalina.core.StandardEngine - Starting Servlet engine: [Apache Tomcat/10.1.52]
2026-03-23 21:49:47 [main] INFO  o.a.c.c.C.[Tomcat].[localhost].[/] - Initializing Spring embedded WebApplicationContext
2026-03-23 21:49:47 [main] INFO  o.s.b.w.s.c.ServletWebServerApplicationContext - Root WebApplicationContext: initialization completed in 1881 ms
2026-03-23 21:49:49 [main] INFO  o.s.v.b.OptionalValidatorFactoryBean - Failed to set up a Bean Validation provider: jakarta.validation.NoProviderFoundException: Unable to create a Configuration, because no Jakarta Bean Validation provider could be found. Add a provider like Hibernate Validator (RI) to your classpath.
2026-03-23 21:49:50 [main] WARN  o.s.c.l.c.LoadBalancerCacheAutoConfiguration$LoadBalancerCaffeineWarnLogger - Spring Cloud LoadBalancer is currently working with the default cache. While this cache implementation is useful for development and tests, it's recommended to use Caffeine cache in production.You can switch to using Caffeine cache, by adding it and org.springframework.cache.caffeine.CaffeineCacheManager to the classpath.
2026-03-23 21:49:50 [main] INFO  o.s.c.n.eureka.InstanceInfoFactory - Setting initial instance status as: STARTING
2026-03-23 21:49:50 [main] WARN  c.n.eureka.cluster.PeerEurekaNodes - The replica size seems to be empty. Check the route 53 DNS Registry
2026-03-23 21:49:50 [main] INFO  o.s.b.a.e.web.EndpointLinksResolver - Exposing 1 endpoint beneath base path '/actuator'
2026-03-23 21:49:50 [main] INFO  o.s.c.n.e.s.EurekaServiceRegistry - Registering application EUREKA-SERVER with eureka with status UP
2026-03-23 21:49:50 [main] INFO  o.a.coyote.http11.Http11NioProtocol - Starting ProtocolHandler ["http-nio-8761"]
2026-03-23 21:49:50 [Thread-9] INFO  o.s.c.n.e.s.EurekaServerBootstrap - isAws returned false
2026-03-23 21:49:50 [Thread-9] INFO  o.s.c.n.e.s.EurekaServerBootstrap - Initialized server context
2026-03-23 21:49:50 [Thread-9] INFO  o.s.c.n.e.s.EurekaServerInitializerConfiguration - Started Eureka Server
2026-03-23 21:49:50 [main] INFO  o.s.b.w.e.tomcat.TomcatWebServer - Tomcat started on port 8761 (http) with context path '/'
2026-03-23 21:49:50 [main] INFO  o.s.c.n.e.s.EurekaAutoServiceRegistration - Updating port to 8761
2026-03-23 21:49:50 [main] INFO  com.finflow.EurekaServerApplication - Started EurekaServerApplication in 6.03 seconds (process running for 8.037)
2026-03-23 21:49:51 [main] INFO  com.finflow.EurekaServerApplication - ? Eureka Server Started on port 8761
2026-03-23 21:49:51 [main] INFO  com.finflow.EurekaServerApplication - ? Dashboard ? http://localhost:8761
2026-03-23 21:49:53 [http-nio-8761-exec-2] INFO  o.a.c.c.C.[Tomcat].[localhost].[/] - Initializing Spring DispatcherServlet 'dispatcherServlet'
2026-03-23 21:49:53 [http-nio-8761-exec-2] INFO  o.s.web.servlet.DispatcherServlet - Initializing Servlet 'dispatcherServlet'
2026-03-23 21:49:53 [http-nio-8761-exec-2] INFO  o.s.web.servlet.DispatcherServlet - Completed initialization in 1 ms
2026-03-23 21:51:50 [Eureka-EvictionTimer] WARN  c.n.e.r.AbstractInstanceRegistry - DS: Registry: expired lease for API-GATEWAY/KRISHANMOHAN:api-gateway:9090
2026-03-23 21:59:50 [Eureka-PeerNodesUpdater] WARN  c.n.eureka.cluster.PeerEurekaNodes - The replica size seems to be empty. Check the route 53 DNS Registry
2026-03-23 22:08:44 [http-nio-8761-exec-9] WARN  c.n.e.r.AbstractInstanceRegistry - DS: Registry: lease doesn't exist, registering resource: API-GATEWAY - 172.22.33.144:api-gateway:9090
2026-03-23 22:08:44 [http-nio-8761-exec-9] WARN  c.n.e.resources.InstanceResource - Not Found (Renew): API-GATEWAY - 172.22.33.144:api-gateway:9090
2026-03-23 22:09:46 [http-nio-8761-exec-6] WARN  c.n.e.r.AbstractInstanceRegistry - DS: Registry: lease doesn't exist, registering resource: API-GATEWAY - 172.22.33.144:api-gateway:9090
2026-03-23 22:09:46 [http-nio-8761-exec-6] WARN  c.n.e.resources.InstanceResource - Not Found (Renew): API-GATEWAY - 172.22.33.144:api-gateway:9090
2026-03-23 22:09:50 [Eureka-PeerNodesUpdater] WARN  c.n.eureka.cluster.PeerEurekaNodes - The replica size seems to be empty. Check the route 53 DNS Registry
2026-03-23 22:12:16 [http-nio-8761-exec-8] WARN  c.n.e.r.AbstractInstanceRegistry - DS: Registry: lease doesn't exist, registering resource: API-GATEWAY - 172.22.33.144:api-gateway:9090
2026-03-23 22:12:16 [http-nio-8761-exec-8] WARN  c.n.e.resources.InstanceResource - Not Found (Renew): API-GATEWAY - 172.22.33.144:api-gateway:9090
2026-03-23 22:19:50 [Eureka-PeerNodesUpdater] WARN  c.n.eureka.cluster.PeerEurekaNodes - The replica size seems to be empty. Check the route 53 DNS Registry
2026-03-23 22:29:50 [Eureka-PeerNodesUpdater] WARN  c.n.eureka.cluster.PeerEurekaNodes - The replica size seems to be empty. Check the route 53 DNS Registry
2026-03-23 22:54:02 [main] INFO  com.finflow.EurekaServerApplication - Starting EurekaServerApplication using Java 17.0.11 with PID 19032 (D:\FinFlow\eureka-server\target\classes started by krish in D:\FinFlow\eureka-server)
2026-03-23 22:54:02 [main] DEBUG com.finflow.EurekaServerApplication - Running with Spring Boot v3.5.12, Spring v6.2.17
2026-03-23 22:54:02 [main] INFO  com.finflow.EurekaServerApplication - No active profile set, falling back to 1 default profile: "default"
2026-03-23 22:54:04 [main] INFO  o.s.cloud.context.scope.GenericScope - BeanFactory id=0c57109e-5125-37d7-86e0-7b67bb0b0c51
2026-03-23 22:54:05 [main] INFO  o.s.b.w.e.tomcat.TomcatWebServer - Tomcat initialized with port 8761 (http)
2026-03-23 22:54:05 [main] INFO  o.a.coyote.http11.Http11NioProtocol - Initializing ProtocolHandler ["http-nio-8761"]
2026-03-23 22:54:05 [main] INFO  o.a.catalina.core.StandardService - Starting service [Tomcat]
2026-03-23 22:54:05 [main] INFO  o.a.catalina.core.StandardEngine - Starting Servlet engine: [Apache Tomcat/10.1.52]
2026-03-23 22:54:05 [main] INFO  o.a.c.c.C.[Tomcat].[localhost].[/] - Initializing Spring embedded WebApplicationContext
2026-03-23 22:54:05 [main] INFO  o.s.b.w.s.c.ServletWebServerApplicationContext - Root WebApplicationContext: initialization completed in 3177 ms
2026-03-23 22:54:07 [main] INFO  o.s.v.b.OptionalValidatorFactoryBean - Failed to set up a Bean Validation provider: jakarta.validation.NoProviderFoundException: Unable to create a Configuration, because no Jakarta Bean Validation provider could be found. Add a provider like Hibernate Validator (RI) to your classpath.
2026-03-23 22:54:09 [main] WARN  o.s.c.l.c.LoadBalancerCacheAutoConfiguration$LoadBalancerCaffeineWarnLogger - Spring Cloud LoadBalancer is currently working with the default cache. While this cache implementation is useful for development and tests, it's recommended to use Caffeine cache in production.You can switch to using Caffeine cache, by adding it and org.springframework.cache.caffeine.CaffeineCacheManager to the classpath.
2026-03-23 22:54:09 [main] INFO  o.s.c.n.eureka.InstanceInfoFactory - Setting initial instance status as: STARTING
2026-03-23 22:54:09 [main] WARN  c.n.eureka.cluster.PeerEurekaNodes - The replica size seems to be empty. Check the route 53 DNS Registry
2026-03-23 22:54:09 [main] INFO  o.s.b.a.e.web.EndpointLinksResolver - Exposing 1 endpoint beneath base path '/actuator'
2026-03-23 22:54:10 [main] INFO  o.s.c.n.e.s.EurekaServiceRegistry - Registering application EUREKA-SERVER with eureka with status UP
2026-03-23 22:54:10 [main] INFO  o.a.coyote.http11.Http11NioProtocol - Starting ProtocolHandler ["http-nio-8761"]
2026-03-23 22:54:10 [Thread-9] INFO  o.s.c.n.e.s.EurekaServerBootstrap - isAws returned false
2026-03-23 22:54:10 [Thread-9] INFO  o.s.c.n.e.s.EurekaServerBootstrap - Initialized server context
2026-03-23 22:54:10 [Thread-9] INFO  o.s.c.n.e.s.EurekaServerInitializerConfiguration - Started Eureka Server
2026-03-23 22:54:10 [main] INFO  o.s.b.w.e.tomcat.TomcatWebServer - Tomcat started on port 8761 (http) with context path '/'
2026-03-23 22:54:10 [main] INFO  o.s.c.n.e.s.EurekaAutoServiceRegistration - Updating port to 8761
2026-03-23 22:54:10 [main] INFO  com.finflow.EurekaServerApplication - Started EurekaServerApplication in 10.075 seconds (process running for 11.255)
2026-03-23 22:54:10 [main] INFO  com.finflow.EurekaServerApplication - ? Eureka Server Started on port 8761
2026-03-23 22:54:10 [main] INFO  com.finflow.EurekaServerApplication - ? Dashboard ? http://localhost:8761
2026-03-23 22:55:00 [http-nio-8761-exec-1] INFO  o.a.c.c.C.[Tomcat].[localhost].[/] - Initializing Spring DispatcherServlet 'dispatcherServlet'
2026-03-23 22:55:00 [http-nio-8761-exec-1] INFO  o.s.web.servlet.DispatcherServlet - Initializing Servlet 'dispatcherServlet'
2026-03-23 22:55:00 [http-nio-8761-exec-1] INFO  o.s.web.servlet.DispatcherServlet - Completed initialization in 3 ms
2026-03-23 23:04:09 [Eureka-PeerNodesUpdater] WARN  c.n.eureka.cluster.PeerEurekaNodes - The replica size seems to be empty. Check the route 53 DNS Registry
2026-03-23 23:14:10 [Eureka-PeerNodesUpdater] WARN  c.n.eureka.cluster.PeerEurekaNodes - The replica size seems to be empty. Check the route 53 DNS Registry
