2026-03-23 21:58:28 [main] INFO  c.f.admin.AdminServiceApplication - Starting AdminServiceApplication using Java 17.0.11 with PID 20556 (D:\FinFlow\admin-service\target\classes started by krish in D:\FinFlow\admin-service)
2026-03-23 21:58:28 [main] DEBUG c.f.admin.AdminServiceApplication - Running with Spring Boot v3.5.12, Spring v6.2.17
2026-03-23 21:58:28 [main] INFO  c.f.admin.AdminServiceApplication - No active profile set, falling back to 1 default profile: "default"
2026-03-23 21:58:29 [main] INFO  o.s.cloud.context.scope.GenericScope - BeanFactory id=f43b82ee-f850-3415-8ee9-b9cf6d263d92
2026-03-23 21:58:29 [main] INFO  o.s.b.w.e.tomcat.TomcatWebServer - Tomcat initialized with port 9094 (http)
2026-03-23 21:58:29 [main] INFO  o.a.coyote.http11.Http11NioProtocol - Initializing ProtocolHandler ["http-nio-9094"]
2026-03-23 21:58:29 [main] INFO  o.a.catalina.core.StandardService - Starting service [Tomcat]
2026-03-23 21:58:29 [main] INFO  o.a.catalina.core.StandardEngine - Starting Servlet engine: [Apache Tomcat/10.1.52]
2026-03-23 21:58:29 [main] INFO  o.a.c.c.C.[Tomcat].[localhost].[/] - Initializing Spring embedded WebApplicationContext
2026-03-23 21:58:29 [main] INFO  o.s.b.w.s.c.ServletWebServerApplicationContext - Root WebApplicationContext: initialization completed in 1136 ms
2026-03-23 21:58:30 [main] INFO  o.s.c.o.FeignClientFactoryBean - For 'APPLICATION-SERVICE' URL not provided. Will try picking an instance via load-balancing.
2026-03-23 21:58:30 [main] INFO  o.s.c.o.FeignClientFactoryBean - For 'DOCUMENT-SERVICE' URL not provided. Will try picking an instance via load-balancing.
2026-03-23 21:58:30 [main] INFO  o.s.c.o.FeignClientFactoryBean - For 'AUTH-SERVICE' URL not provided. Will try picking an instance via load-balancing.
2026-03-23 21:58:30 [main] INFO  o.s.c.n.e.c.DiscoveryClientOptionalArgsConfiguration - Eureka HTTP Client uses RestTemplate.
2026-03-23 21:58:30 [main] WARN  o.s.c.l.c.LoadBalancerCacheAutoConfiguration$LoadBalancerCaffeineWarnLogger - Spring Cloud LoadBalancer is currently working with the default cache. While this cache implementation is useful for development and tests, it's recommended to use Caffeine cache in production.You can switch to using Caffeine cache, by adding it and org.springframework.cache.caffeine.CaffeineCacheManager to the classpath.
2026-03-23 21:58:30 [main] INFO  o.s.c.n.eureka.InstanceInfoFactory - Setting initial instance status as: STARTING
2026-03-23 21:58:30 [main] INFO  c.netflix.discovery.DiscoveryClient - Initializing Eureka in region us-east-1
2026-03-23 21:58:30 [main] INFO  c.n.d.s.r.aws.ConfigClusterResolver - Resolving eureka endpoints via configuration
2026-03-23 21:58:30 [main] INFO  c.netflix.discovery.DiscoveryClient - Disable delta property : false
2026-03-23 21:58:30 [main] INFO  c.netflix.discovery.DiscoveryClient - Single vip registry refresh property : null
2026-03-23 21:58:30 [main] INFO  c.netflix.discovery.DiscoveryClient - Force full registry fetch : false
2026-03-23 21:58:30 [main] INFO  c.netflix.discovery.DiscoveryClient - Application is null : false
2026-03-23 21:58:30 [main] INFO  c.netflix.discovery.DiscoveryClient - Registered Applications size is zero : true
2026-03-23 21:58:30 [main] INFO  c.netflix.discovery.DiscoveryClient - Application version is -1: true
2026-03-23 21:58:30 [main] INFO  c.netflix.discovery.DiscoveryClient - Getting all instance registry info from the eureka server
2026-03-23 21:58:31 [main] INFO  c.netflix.discovery.DiscoveryClient - The response status is 200
2026-03-23 21:58:31 [main] INFO  c.netflix.discovery.DiscoveryClient - Starting heartbeat executor: renew interval is: 30
2026-03-23 21:58:31 [main] INFO  c.n.discovery.InstanceInfoReplicator - InstanceInfoReplicator onDemand update allowed rate per min is 4
2026-03-23 21:58:31 [main] INFO  c.netflix.discovery.DiscoveryClient - Discovery Client initialized at timestamp 1774283311237 with initial instances count: 3
2026-03-23 21:58:31 [main] INFO  o.s.c.n.e.s.EurekaServiceRegistry - Registering application ADMIN-SERVICE with eureka with status UP
2026-03-23 21:58:31 [main] INFO  c.netflix.discovery.DiscoveryClient - Saw local status change event StatusChangeEvent [timestamp=1774283311243, current=UP, previous=STARTING]
2026-03-23 21:58:31 [DiscoveryClient-InstanceInfoReplicator-%d] INFO  c.netflix.discovery.DiscoveryClient - DiscoveryClient_ADMIN-SERVICE/172.22.33.144:admin-service:9094: registering service...
2026-03-23 21:58:31 [main] INFO  o.a.coyote.http11.Http11NioProtocol - Starting ProtocolHandler ["http-nio-9094"]
2026-03-23 21:58:31 [main] INFO  o.s.b.w.e.tomcat.TomcatWebServer - Tomcat started on port 9094 (http) with context path '/'
2026-03-23 21:58:31 [main] INFO  o.s.c.n.e.s.EurekaAutoServiceRegistration - Updating port to 9094
2026-03-23 21:58:31 [DiscoveryClient-InstanceInfoReplicator-%d] INFO  c.netflix.discovery.DiscoveryClient - DiscoveryClient_ADMIN-SERVICE/172.22.33.144:admin-service:9094 - registration status: 204
2026-03-23 21:58:31 [main] INFO  c.f.admin.AdminServiceApplication - Started AdminServiceApplication in 3.901 seconds (process running for 4.431)
2026-03-23 21:58:31 [main] INFO  c.f.admin.AdminServiceApplication - ? Admin Service Started on port 9094
2026-03-23 22:03:30 [AsyncResolver-bootstrap-executor-%d] INFO  c.n.d.s.r.aws.ConfigClusterResolver - Resolving eureka endpoints via configuration
2026-03-23 22:08:30 [AsyncResolver-bootstrap-executor-%d] INFO  c.n.d.s.r.aws.ConfigClusterResolver - Resolving eureka endpoints via configuration
2026-03-23 22:13:30 [AsyncResolver-bootstrap-executor-%d] INFO  c.n.d.s.r.aws.ConfigClusterResolver - Resolving eureka endpoints via configuration
2026-03-23 22:18:30 [AsyncResolver-bootstrap-executor-%d] INFO  c.n.d.s.r.aws.ConfigClusterResolver - Resolving eureka endpoints via configuration
2026-03-23 22:23:31 [AsyncResolver-bootstrap-executor-%d] INFO  c.n.d.s.r.aws.ConfigClusterResolver - Resolving eureka endpoints via configuration
2026-03-23 22:28:31 [AsyncResolver-bootstrap-executor-%d] INFO  c.n.d.s.r.aws.ConfigClusterResolver - Resolving eureka endpoints via configuration
2026-03-23 22:33:31 [AsyncResolver-bootstrap-executor-%d] INFO  c.n.d.s.r.aws.ConfigClusterResolver - Resolving eureka endpoints via configuration
2026-03-23 22:55:25 [main] INFO  c.f.admin.AdminServiceApplication - Starting AdminServiceApplication using Java 17.0.11 with PID 2524 (D:\FinFlow\admin-service\target\classes started by krish in D:\FinFlow\admin-service)
2026-03-23 22:55:25 [main] DEBUG c.f.admin.AdminServiceApplication - Running with Spring Boot v3.5.12, Spring v6.2.17
2026-03-23 22:55:25 [main] INFO  c.f.admin.AdminServiceApplication - No active profile set, falling back to 1 default profile: "default"
2026-03-23 22:55:27 [main] INFO  o.s.cloud.context.scope.GenericScope - BeanFactory id=f43b82ee-f850-3415-8ee9-b9cf6d263d92
2026-03-23 22:55:28 [main] INFO  o.s.b.w.e.tomcat.TomcatWebServer - Tomcat initialized with port 9094 (http)
2026-03-23 22:55:28 [main] INFO  o.a.coyote.http11.Http11NioProtocol - Initializing ProtocolHandler ["http-nio-9094"]
2026-03-23 22:55:28 [main] INFO  o.a.catalina.core.StandardService - Starting service [Tomcat]
2026-03-23 22:55:28 [main] INFO  o.a.catalina.core.StandardEngine - Starting Servlet engine: [Apache Tomcat/10.1.52]
2026-03-23 22:55:28 [main] INFO  o.a.c.c.C.[Tomcat].[localhost].[/] - Initializing Spring embedded WebApplicationContext
2026-03-23 22:55:28 [main] INFO  o.s.b.w.s.c.ServletWebServerApplicationContext - Root WebApplicationContext: initialization completed in 2512 ms
2026-03-23 22:55:28 [main] WARN  o.s.b.w.s.c.AnnotationConfigServletWebServerApplicationContext - Exception encountered during context initialization - cancelling refresh attempt: org.springframework.beans.factory.BeanCreationException: Error creating bean with name 'adminController' defined in file [D:\FinFlow\admin-service\target\classes\com\finflow\admin\controller\AdminController.class]: Failed to instantiate [com.finflow.admin.controller.AdminController]: Constructor threw exception
2026-03-23 22:55:28 [main] INFO  o.a.catalina.core.StandardService - Stopping service [Tomcat]
2026-03-23 22:55:28 [main] INFO  o.s.b.a.l.ConditionEvaluationReportLogger - 

Error starting ApplicationContext. To display the condition evaluation report re-run your application with 'debug' enabled.
2026-03-23 22:55:28 [main] ERROR o.s.boot.SpringApplication - Application run failed
org.springframework.beans.factory.BeanCreationException: Error creating bean with name 'adminController' defined in file [D:\FinFlow\admin-service\target\classes\com\finflow\admin\controller\AdminController.class]: Failed to instantiate [com.finflow.admin.controller.AdminController]: Constructor threw exception
	at org.springframework.beans.factory.support.AbstractAutowireCapableBeanFactory.instantiateBean(AbstractAutowireCapableBeanFactory.java:1357)
	at org.springframework.beans.factory.support.AbstractAutowireCapableBeanFactory.createBeanInstance(AbstractAutowireCapableBeanFactory.java:1242)
	at org.springframework.beans.factory.support.AbstractAutowireCapableBeanFactory.doCreateBean(AbstractAutowireCapableBeanFactory.java:569)
	at org.springframework.beans.factory.support.AbstractAutowireCapableBeanFactory.createBean(AbstractAutowireCapableBeanFactory.java:529)
	at org.springframework.beans.factory.support.AbstractBeanFactory.lambda$doGetBean$0(AbstractBeanFactory.java:339)
	at org.springframework.beans.factory.support.DefaultSingletonBeanRegistry.getSingleton(DefaultSingletonBeanRegistry.java:373)
	at org.springframework.beans.factory.support.AbstractBeanFactory.doGetBean(AbstractBeanFactory.java:337)
	at org.springframework.beans.factory.support.AbstractBeanFactory.getBean(AbstractBeanFactory.java:202)
	at org.springframework.beans.factory.support.DefaultListableBeanFactory.instantiateSingleton(DefaultListableBeanFactory.java:1228)
	at org.springframework.beans.factory.support.DefaultListableBeanFactory.preInstantiateSingleton(DefaultListableBeanFactory.java:1194)
	at org.springframework.beans.factory.support.DefaultListableBeanFactory.preInstantiateSingletons(DefaultListableBeanFactory.java:1130)
	at org.springframework.context.support.AbstractApplicationContext.finishBeanFactoryInitialization(AbstractApplicationContext.java:991)
	at org.springframework.context.support.AbstractApplicationContext.refresh(AbstractApplicationContext.java:628)
	at org.springframework.boot.web.servlet.context.ServletWebServerApplicationContext.refresh(ServletWebServerApplicationContext.java:146)
	at org.springframework.boot.SpringApplication.refresh(SpringApplication.java:752)
	at org.springframework.boot.SpringApplication.refreshContext(SpringApplication.java:439)
	at org.springframework.boot.SpringApplication.run(SpringApplication.java:318)
	at org.springframework.boot.SpringApplication.run(SpringApplication.java:1361)
	at org.springframework.boot.SpringApplication.run(SpringApplication.java:1350)
	at com.finflow.admin.AdminServiceApplication.main(AdminServiceApplication.java:23)
Caused by: org.springframework.beans.BeanInstantiationException: Failed to instantiate [com.finflow.admin.controller.AdminController]: Constructor threw exception
	at org.springframework.beans.BeanUtils.instantiateClass(BeanUtils.java:223)
	at org.springframework.beans.factory.support.SimpleInstantiationStrategy.instantiate(SimpleInstantiationStrategy.java:123)
	at org.springframework.beans.factory.support.AbstractAutowireCapableBeanFactory.instantiateBean(AbstractAutowireCapableBeanFactory.java:1351)
	... 19 common frames omitted
Caused by: java.lang.Error: Unresolved compilation problems: 
	The blank final field adminService may not have been initialized
	The method getDecision() is undefined for the type DecisionRequest
	The method getStatus() is undefined for the type DocumentVerifyRequest

	at com.finflow.admin.controller.AdminController.<init>(AdminController.java:20)
	at java.base/jdk.internal.reflect.NativeConstructorAccessorImpl.newInstance0(Native Method)
	at java.base/jdk.internal.reflect.NativeConstructorAccessorImpl.newInstance(NativeConstructorAccessorImpl.java:77)
	at java.base/jdk.internal.reflect.DelegatingConstructorAccessorImpl.newInstance(DelegatingConstructorAccessorImpl.java:45)
	at java.base/java.lang.reflect.Constructor.newInstanceWithCaller(Constructor.java:499)
	at java.base/java.lang.reflect.Constructor.newInstance(Constructor.java:480)
	at org.springframework.beans.BeanUtils.instantiateClass(BeanUtils.java:197)
	... 21 common frames omitted
2026-03-23 23:02:13 [main] INFO  c.f.admin.AdminServiceApplication - Starting AdminServiceApplication using Java 17.0.11 with PID 21728 (D:\FinFlow\admin-service\target\classes started by krish in D:\FinFlow\admin-service)
2026-03-23 23:02:13 [main] DEBUG c.f.admin.AdminServiceApplication - Running with Spring Boot v3.5.12, Spring v6.2.17
2026-03-23 23:02:13 [main] INFO  c.f.admin.AdminServiceApplication - No active profile set, falling back to 1 default profile: "default"
2026-03-23 23:02:16 [main] INFO  o.s.cloud.context.scope.GenericScope - BeanFactory id=f43b82ee-f850-3415-8ee9-b9cf6d263d92
2026-03-23 23:02:16 [main] INFO  o.s.b.w.e.tomcat.TomcatWebServer - Tomcat initialized with port 9094 (http)
2026-03-23 23:02:16 [main] INFO  o.a.coyote.http11.Http11NioProtocol - Initializing ProtocolHandler ["http-nio-9094"]
2026-03-23 23:02:16 [main] INFO  o.a.catalina.core.StandardService - Starting service [Tomcat]
2026-03-23 23:02:16 [main] INFO  o.a.catalina.core.StandardEngine - Starting Servlet engine: [Apache Tomcat/10.1.52]
2026-03-23 23:02:17 [main] INFO  o.a.c.c.C.[Tomcat].[localhost].[/] - Initializing Spring embedded WebApplicationContext
2026-03-23 23:02:17 [main] INFO  o.s.b.w.s.c.ServletWebServerApplicationContext - Root WebApplicationContext: initialization completed in 3418 ms
2026-03-23 23:02:17 [main] INFO  o.s.c.o.FeignClientFactoryBean - For 'APPLICATION-SERVICE' URL not provided. Will try picking an instance via load-balancing.
2026-03-23 23:02:18 [main] INFO  o.s.c.o.FeignClientFactoryBean - For 'DOCUMENT-SERVICE' URL not provided. Will try picking an instance via load-balancing.
2026-03-23 23:02:18 [main] INFO  o.s.c.o.FeignClientFactoryBean - For 'AUTH-SERVICE' URL not provided. Will try picking an instance via load-balancing.
2026-03-23 23:02:19 [main] INFO  o.s.c.n.e.c.DiscoveryClientOptionalArgsConfiguration - Eureka HTTP Client uses RestTemplate.
2026-03-23 23:02:19 [main] WARN  o.s.c.l.c.LoadBalancerCacheAutoConfiguration$LoadBalancerCaffeineWarnLogger - Spring Cloud LoadBalancer is currently working with the default cache. While this cache implementation is useful for development and tests, it's recommended to use Caffeine cache in production.You can switch to using Caffeine cache, by adding it and org.springframework.cache.caffeine.CaffeineCacheManager to the classpath.
2026-03-23 23:02:19 [main] INFO  o.s.c.n.eureka.InstanceInfoFactory - Setting initial instance status as: STARTING
2026-03-23 23:02:19 [main] INFO  c.netflix.discovery.DiscoveryClient - Initializing Eureka in region us-east-1
2026-03-23 23:02:19 [main] INFO  c.n.d.s.r.aws.ConfigClusterResolver - Resolving eureka endpoints via configuration
2026-03-23 23:02:19 [main] INFO  c.netflix.discovery.DiscoveryClient - Disable delta property : false
2026-03-23 23:02:19 [main] INFO  c.netflix.discovery.DiscoveryClient - Single vip registry refresh property : null
2026-03-23 23:02:19 [main] INFO  c.netflix.discovery.DiscoveryClient - Force full registry fetch : false
2026-03-23 23:02:19 [main] INFO  c.netflix.discovery.DiscoveryClient - Application is null : false
2026-03-23 23:02:19 [main] INFO  c.netflix.discovery.DiscoveryClient - Registered Applications size is zero : true
2026-03-23 23:02:19 [main] INFO  c.netflix.discovery.DiscoveryClient - Application version is -1: true
2026-03-23 23:02:19 [main] INFO  c.netflix.discovery.DiscoveryClient - Getting all instance registry info from the eureka server
2026-03-23 23:02:20 [main] INFO  c.netflix.discovery.DiscoveryClient - The response status is 200
2026-03-23 23:02:20 [main] INFO  c.netflix.discovery.DiscoveryClient - Starting heartbeat executor: renew interval is: 30
2026-03-23 23:02:20 [main] INFO  c.n.discovery.InstanceInfoReplicator - InstanceInfoReplicator onDemand update allowed rate per min is 4
2026-03-23 23:02:20 [main] INFO  c.netflix.discovery.DiscoveryClient - Discovery Client initialized at timestamp 1774287140498 with initial instances count: 4
2026-03-23 23:02:20 [main] INFO  o.s.c.n.e.s.EurekaServiceRegistry - Registering application ADMIN-SERVICE with eureka with status UP
2026-03-23 23:02:20 [main] INFO  c.netflix.discovery.DiscoveryClient - Saw local status change event StatusChangeEvent [timestamp=1774287140511, current=UP, previous=STARTING]
2026-03-23 23:02:20 [main] INFO  o.a.coyote.http11.Http11NioProtocol - Starting ProtocolHandler ["http-nio-9094"]
2026-03-23 23:02:20 [DiscoveryClient-InstanceInfoReplicator-%d] INFO  c.netflix.discovery.DiscoveryClient - DiscoveryClient_ADMIN-SERVICE/172.22.33.144:admin-service:9094: registering service...
2026-03-23 23:02:20 [main] INFO  o.s.b.w.e.tomcat.TomcatWebServer - Tomcat started on port 9094 (http) with context path '/'
2026-03-23 23:02:20 [main] INFO  o.s.c.n.e.s.EurekaAutoServiceRegistration - Updating port to 9094
2026-03-23 23:02:20 [DiscoveryClient-InstanceInfoReplicator-%d] INFO  c.netflix.discovery.DiscoveryClient - DiscoveryClient_ADMIN-SERVICE/172.22.33.144:admin-service:9094 - registration status: 204
2026-03-23 23:02:20 [main] INFO  c.f.admin.AdminServiceApplication - Started AdminServiceApplication in 9.27 seconds (process running for 10.242)
2026-03-23 23:02:20 [main] INFO  c.f.admin.AdminServiceApplication - ? Admin Service Started on port 9094
2026-03-23 23:07:19 [AsyncResolver-bootstrap-executor-%d] INFO  c.n.d.s.r.aws.ConfigClusterResolver - Resolving eureka endpoints via configuration
2026-03-23 23:12:19 [AsyncResolver-bootstrap-executor-%d] INFO  c.n.d.s.r.aws.ConfigClusterResolver - Resolving eureka endpoints via configuration
2026-03-23 23:17:19 [AsyncResolver-bootstrap-executor-%d] INFO  c.n.d.s.r.aws.ConfigClusterResolver - Resolving eureka endpoints via configuration
