2026-03-25 10:02:49 [background-preinit] INFO  o.h.validator.internal.util.Version - HV000001: Hibernate Validator 8.0.3.Final
2026-03-25 10:02:49 [main] INFO  c.c.l.f.g.ApiGatewayApplication - Starting ApiGatewayApplication using Java 17.0.11 with PID 25564 (D:\FinFlow\api-gateway\target\classes started by krish in D:\FinFlow\api-gateway)
2026-03-25 10:02:49 [main] INFO  c.c.l.f.g.ApiGatewayApplication - No active profile set, falling back to 1 default profile: "default"
2026-03-25 10:02:52 [main] INFO  o.s.cloud.context.scope.GenericScope - BeanFactory id=572c3cb0-4c81-39c1-a0a4-2250459e07f3
2026-03-25 10:02:55 [main] INFO  o.s.c.g.r.RouteDefinitionRouteLocator - Loaded RoutePredicateFactory [After]
2026-03-25 10:02:55 [main] INFO  o.s.c.g.r.RouteDefinitionRouteLocator - Loaded RoutePredicateFactory [Before]
2026-03-25 10:02:55 [main] INFO  o.s.c.g.r.RouteDefinitionRouteLocator - Loaded RoutePredicateFactory [Between]
2026-03-25 10:02:55 [main] INFO  o.s.c.g.r.RouteDefinitionRouteLocator - Loaded RoutePredicateFactory [Cookie]
2026-03-25 10:02:55 [main] INFO  o.s.c.g.r.RouteDefinitionRouteLocator - Loaded RoutePredicateFactory [Header]
2026-03-25 10:02:55 [main] INFO  o.s.c.g.r.RouteDefinitionRouteLocator - Loaded RoutePredicateFactory [Host]
2026-03-25 10:02:55 [main] INFO  o.s.c.g.r.RouteDefinitionRouteLocator - Loaded RoutePredicateFactory [Method]
2026-03-25 10:02:55 [main] INFO  o.s.c.g.r.RouteDefinitionRouteLocator - Loaded RoutePredicateFactory [Path]
2026-03-25 10:02:55 [main] INFO  o.s.c.g.r.RouteDefinitionRouteLocator - Loaded RoutePredicateFactory [Query]
2026-03-25 10:02:55 [main] INFO  o.s.c.g.r.RouteDefinitionRouteLocator - Loaded RoutePredicateFactory [ReadBody]
2026-03-25 10:02:55 [main] INFO  o.s.c.g.r.RouteDefinitionRouteLocator - Loaded RoutePredicateFactory [RemoteAddr]
2026-03-25 10:02:55 [main] INFO  o.s.c.g.r.RouteDefinitionRouteLocator - Loaded RoutePredicateFactory [XForwardedRemoteAddr]
2026-03-25 10:02:55 [main] INFO  o.s.c.g.r.RouteDefinitionRouteLocator - Loaded RoutePredicateFactory [Weight]
2026-03-25 10:02:55 [main] INFO  o.s.c.g.r.RouteDefinitionRouteLocator - Loaded RoutePredicateFactory [CloudFoundryRouteService]
2026-03-25 10:02:56 [main] INFO  o.s.c.n.e.c.DiscoveryClientOptionalArgsConfiguration - Eureka HTTP Client uses RestTemplate.
2026-03-25 10:02:57 [main] WARN  o.s.c.l.c.LoadBalancerCacheAutoConfiguration$LoadBalancerCaffeineWarnLogger - Spring Cloud LoadBalancer is currently working with the default cache. While this cache implementation is useful for development and tests, it's recommended to use Caffeine cache in production.You can switch to using Caffeine cache, by adding it and org.springframework.cache.caffeine.CaffeineCacheManager to the classpath.
2026-03-25 10:02:57 [main] INFO  o.s.c.n.eureka.InstanceInfoFactory - Setting initial instance status as: STARTING
2026-03-25 10:02:57 [main] INFO  c.netflix.discovery.DiscoveryClient - Initializing Eureka in region us-east-1
2026-03-25 10:02:57 [main] INFO  c.n.d.s.r.aws.ConfigClusterResolver - Resolving eureka endpoints via configuration
2026-03-25 10:02:57 [main] INFO  c.netflix.discovery.DiscoveryClient - Disable delta property : false
2026-03-25 10:02:57 [main] INFO  c.netflix.discovery.DiscoveryClient - Single vip registry refresh property : null
2026-03-25 10:02:57 [main] INFO  c.netflix.discovery.DiscoveryClient - Force full registry fetch : false
2026-03-25 10:02:57 [main] INFO  c.netflix.discovery.DiscoveryClient - Application is null : false
2026-03-25 10:02:57 [main] INFO  c.netflix.discovery.DiscoveryClient - Registered Applications size is zero : true
2026-03-25 10:02:57 [main] INFO  c.netflix.discovery.DiscoveryClient - Application version is -1: true
2026-03-25 10:02:57 [main] INFO  c.netflix.discovery.DiscoveryClient - Getting all instance registry info from the eureka server
2026-03-25 10:02:58 [main] INFO  c.netflix.discovery.DiscoveryClient - The response status is 200
2026-03-25 10:02:58 [main] INFO  c.netflix.discovery.DiscoveryClient - Starting heartbeat executor: renew interval is: 30
2026-03-25 10:02:58 [main] INFO  c.n.discovery.InstanceInfoReplicator - InstanceInfoReplicator onDemand update allowed rate per min is 4
2026-03-25 10:02:58 [main] INFO  c.netflix.discovery.DiscoveryClient - Discovery Client initialized at timestamp 1774413178778 with initial instances count: 0
2026-03-25 10:02:58 [main] INFO  o.s.c.n.e.s.EurekaServiceRegistry - Registering application API-GATEWAY with eureka with status UP
2026-03-25 10:02:58 [main] INFO  c.netflix.discovery.DiscoveryClient - Saw local status change event StatusChangeEvent [timestamp=1774413178797, current=UP, previous=STARTING]
2026-03-25 10:02:58 [DiscoveryClient-InstanceInfoReplicator-%d] INFO  c.netflix.discovery.DiscoveryClient - DiscoveryClient_API-GATEWAY/KRISHANMOHAN:api-gateway:9090: registering service...
2026-03-25 10:03:03 [DiscoveryClient-InstanceInfoReplicator-%d] INFO  c.netflix.discovery.DiscoveryClient - DiscoveryClient_API-GATEWAY/KRISHANMOHAN:api-gateway:9090 - registration status: 204
2026-03-25 10:03:04 [main] INFO  o.s.b.w.e.netty.NettyWebServer - Netty started on port 9090 (http)
2026-03-25 10:03:04 [main] INFO  o.s.c.n.e.s.EurekaAutoServiceRegistration - Updating port to 9090
2026-03-25 10:03:05 [main] INFO  c.c.l.f.g.ApiGatewayApplication - Started ApiGatewayApplication in 16.905 seconds (process running for 18.072)
2026-03-25 10:03:05 [main] INFO  c.c.l.f.g.ApiGatewayApplication - ? API Gateway Started on port 9090
2026-03-25 10:03:05 [main] INFO  c.c.l.f.g.ApiGatewayApplication - ? All requests routed through ? http://localhost:9090
2026-03-25 10:03:28 [DiscoveryClient-CacheRefreshExecutor-%d] INFO  c.netflix.discovery.DiscoveryClient - Disable delta property : false
2026-03-25 10:03:28 [DiscoveryClient-CacheRefreshExecutor-%d] INFO  c.netflix.discovery.DiscoveryClient - Single vip registry refresh property : null
2026-03-25 10:03:28 [DiscoveryClient-CacheRefreshExecutor-%d] INFO  c.netflix.discovery.DiscoveryClient - Force full registry fetch : false
2026-03-25 10:03:28 [DiscoveryClient-CacheRefreshExecutor-%d] INFO  c.netflix.discovery.DiscoveryClient - Application is null : false
2026-03-25 10:03:28 [DiscoveryClient-CacheRefreshExecutor-%d] INFO  c.netflix.discovery.DiscoveryClient - Registered Applications size is zero : true
2026-03-25 10:03:28 [DiscoveryClient-CacheRefreshExecutor-%d] INFO  c.netflix.discovery.DiscoveryClient - Application version is -1: false
2026-03-25 10:03:28 [DiscoveryClient-CacheRefreshExecutor-%d] INFO  c.netflix.discovery.DiscoveryClient - Getting all instance registry info from the eureka server
2026-03-25 10:03:28 [DiscoveryClient-CacheRefreshExecutor-%d] INFO  c.netflix.discovery.DiscoveryClient - The response status is 200
2026-03-25 10:03:58 [DiscoveryClient-CacheRefreshExecutor-%d] INFO  c.netflix.discovery.DiscoveryClient - Disable delta property : false
2026-03-25 10:03:58 [DiscoveryClient-CacheRefreshExecutor-%d] INFO  c.netflix.discovery.DiscoveryClient - Single vip registry refresh property : null
2026-03-25 10:03:58 [DiscoveryClient-CacheRefreshExecutor-%d] INFO  c.netflix.discovery.DiscoveryClient - Force full registry fetch : false
2026-03-25 10:03:58 [DiscoveryClient-CacheRefreshExecutor-%d] INFO  c.netflix.discovery.DiscoveryClient - Application is null : false
2026-03-25 10:03:58 [DiscoveryClient-CacheRefreshExecutor-%d] INFO  c.netflix.discovery.DiscoveryClient - Registered Applications size is zero : true
2026-03-25 10:03:58 [DiscoveryClient-CacheRefreshExecutor-%d] INFO  c.netflix.discovery.DiscoveryClient - Application version is -1: false
2026-03-25 10:03:58 [DiscoveryClient-CacheRefreshExecutor-%d] INFO  c.netflix.discovery.DiscoveryClient - Getting all instance registry info from the eureka server
2026-03-25 10:03:58 [DiscoveryClient-CacheRefreshExecutor-%d] INFO  c.netflix.discovery.DiscoveryClient - The response status is 200
2026-03-25 10:07:57 [AsyncResolver-bootstrap-executor-%d] INFO  c.n.d.s.r.aws.ConfigClusterResolver - Resolving eureka endpoints via configuration
2026-03-25 10:10:42 [reactor-http-nio-3] INFO  c.c.l.f.g.filter.JwtGatewayFilter - ? Incoming request ? [POST /auth/register]
2026-03-25 10:10:42 [reactor-http-nio-3] INFO  c.c.l.f.g.filter.JwtGatewayFilter - ? Public path, skipping JWT check ? /auth/register
2026-03-25 10:10:52 [reactor-http-nio-3] INFO  c.c.l.f.g.filter.JwtGatewayFilter - ? Incoming request ? [POST /auth/register]
2026-03-25 10:10:52 [reactor-http-nio-3] INFO  c.c.l.f.g.filter.JwtGatewayFilter - ? Public path, skipping JWT check ? /auth/register
2026-03-25 10:11:18 [reactor-http-nio-3] INFO  c.c.l.f.g.filter.JwtGatewayFilter - ? Incoming request ? [POST /auth/register]
2026-03-25 10:11:18 [reactor-http-nio-3] INFO  c.c.l.f.g.filter.JwtGatewayFilter - ? Public path, skipping JWT check ? /auth/register
2026-03-25 10:12:13 [reactor-http-nio-3] INFO  c.c.l.f.g.filter.JwtGatewayFilter - ? Incoming request ? [POST /auth/login]
2026-03-25 10:12:13 [reactor-http-nio-3] INFO  c.c.l.f.g.filter.JwtGatewayFilter - ? Public path, skipping JWT check ? /auth/login
2026-03-25 10:12:57 [AsyncResolver-bootstrap-executor-%d] INFO  c.n.d.s.r.aws.ConfigClusterResolver - Resolving eureka endpoints via configuration
2026-03-25 10:15:02 [reactor-http-nio-5] INFO  c.c.l.f.g.filter.JwtGatewayFilter - ? Incoming request ? [POST /auth/login]
2026-03-25 10:15:02 [reactor-http-nio-5] INFO  c.c.l.f.g.filter.JwtGatewayFilter - ? Public path, skipping JWT check ? /auth/login
2026-03-25 10:16:23 [reactor-http-nio-7] INFO  c.c.l.f.g.filter.JwtGatewayFilter - ? Incoming request ? [POST /admin/loans]
2026-03-25 10:16:24 [reactor-http-nio-7] INFO  c.c.l.f.g.filter.JwtGatewayFilter - ? Token valid ? user: mohan_admin, role: ADMIN, path: /admin/loans
2026-03-25 10:16:24 [reactor-http-nio-7] INFO  c.c.l.f.g.filter.JwtGatewayFilter - ?? Forwarding request to service with headers X-Auth-Username=mohan_admin, X-Auth-Role=ADMIN
2026-03-25 10:16:33 [reactor-http-nio-7] INFO  c.c.l.f.g.filter.JwtGatewayFilter - ? Incoming request ? [GET /admin/loans]
2026-03-25 10:16:33 [reactor-http-nio-7] INFO  c.c.l.f.g.filter.JwtGatewayFilter - ? Token valid ? user: mohan_admin, role: ADMIN, path: /admin/loans
2026-03-25 10:16:33 [reactor-http-nio-7] INFO  c.c.l.f.g.filter.JwtGatewayFilter - ?? Forwarding request to service with headers X-Auth-Username=mohan_admin, X-Auth-Role=ADMIN
2026-03-25 10:17:38 [reactor-http-nio-9] INFO  c.c.l.f.g.filter.JwtGatewayFilter - ? Incoming request ? [GET /admin/loans/1]
2026-03-25 10:17:38 [reactor-http-nio-9] INFO  c.c.l.f.g.filter.JwtGatewayFilter - ? Token valid ? user: mohan_admin, role: ADMIN, path: /admin/loans/1
2026-03-25 10:17:38 [reactor-http-nio-9] INFO  c.c.l.f.g.filter.JwtGatewayFilter - ?? Forwarding request to service with headers X-Auth-Username=mohan_admin, X-Auth-Role=ADMIN
2026-03-25 10:17:45 [reactor-http-nio-9] INFO  c.c.l.f.g.filter.JwtGatewayFilter - ? Incoming request ? [GET /admin/loans/1]
2026-03-25 10:17:45 [reactor-http-nio-9] INFO  c.c.l.f.g.filter.JwtGatewayFilter - ? Token valid ? user: mohan_admin, role: ADMIN, path: /admin/loans/1
2026-03-25 10:17:45 [reactor-http-nio-9] INFO  c.c.l.f.g.filter.JwtGatewayFilter - ?? Forwarding request to service with headers X-Auth-Username=mohan_admin, X-Auth-Role=ADMIN
2026-03-25 10:17:57 [AsyncResolver-bootstrap-executor-%d] INFO  c.n.d.s.r.aws.ConfigClusterResolver - Resolving eureka endpoints via configuration
2026-03-25 10:18:11 [reactor-http-nio-9] INFO  c.c.l.f.g.filter.JwtGatewayFilter - ? Incoming request ? [GET /admin/loans]
2026-03-25 10:18:11 [reactor-http-nio-9] INFO  c.c.l.f.g.filter.JwtGatewayFilter - ? Token valid ? user: mohan_admin, role: ADMIN, path: /admin/loans
2026-03-25 10:18:11 [reactor-http-nio-9] INFO  c.c.l.f.g.filter.JwtGatewayFilter - ?? Forwarding request to service with headers X-Auth-Username=mohan_admin, X-Auth-Role=ADMIN
2026-03-25 10:18:24 [reactor-http-nio-9] INFO  c.c.l.f.g.filter.JwtGatewayFilter - ? Incoming request ? [GET /admin/loans/1]
2026-03-25 10:18:24 [reactor-http-nio-9] WARN  c.c.l.f.g.filter.JwtGatewayFilter - ? Missing or invalid Authorization header for path: /admin/loans/1
2026-03-25 10:18:35 [reactor-http-nio-9] INFO  c.c.l.f.g.filter.JwtGatewayFilter - ? Incoming request ? [GET /admin/loans/1]
2026-03-25 10:18:35 [reactor-http-nio-9] INFO  c.c.l.f.g.filter.JwtGatewayFilter - ? Token valid ? user: mohan_admin, role: ADMIN, path: /admin/loans/1
2026-03-25 10:18:35 [reactor-http-nio-9] INFO  c.c.l.f.g.filter.JwtGatewayFilter - ?? Forwarding request to service with headers X-Auth-Username=mohan_admin, X-Auth-Role=ADMIN
2026-03-25 10:19:24 [reactor-http-nio-9] INFO  c.c.l.f.g.filter.JwtGatewayFilter - ? Incoming request ? [GET /admin/loans/status/PENDING]
2026-03-25 10:19:24 [reactor-http-nio-9] INFO  c.c.l.f.g.filter.JwtGatewayFilter - ? Token valid ? user: mohan_admin, role: ADMIN, path: /admin/loans/status/PENDING
2026-03-25 10:19:24 [reactor-http-nio-9] INFO  c.c.l.f.g.filter.JwtGatewayFilter - ?? Forwarding request to service with headers X-Auth-Username=mohan_admin, X-Auth-Role=ADMIN
2026-03-25 10:19:40 [reactor-http-nio-9] INFO  c.c.l.f.g.filter.JwtGatewayFilter - ? Incoming request ? [GET /admin/loans/status/REJECT]
2026-03-25 10:19:40 [reactor-http-nio-9] INFO  c.c.l.f.g.filter.JwtGatewayFilter - ? Token valid ? user: mohan_admin, role: ADMIN, path: /admin/loans/status/REJECT
2026-03-25 10:19:40 [reactor-http-nio-9] INFO  c.c.l.f.g.filter.JwtGatewayFilter - ?? Forwarding request to service with headers X-Auth-Username=mohan_admin, X-Auth-Role=ADMIN
2026-03-25 10:19:48 [reactor-http-nio-9] INFO  c.c.l.f.g.filter.JwtGatewayFilter - ? Incoming request ? [GET /admin/loans/status/APPROVE]
2026-03-25 10:19:48 [reactor-http-nio-9] INFO  c.c.l.f.g.filter.JwtGatewayFilter - ? Token valid ? user: mohan_admin, role: ADMIN, path: /admin/loans/status/APPROVE
2026-03-25 10:19:48 [reactor-http-nio-9] INFO  c.c.l.f.g.filter.JwtGatewayFilter - ?? Forwarding request to service with headers X-Auth-Username=mohan_admin, X-Auth-Role=ADMIN
2026-03-25 10:20:04 [reactor-http-nio-9] INFO  c.c.l.f.g.filter.JwtGatewayFilter - ? Incoming request ? [GET /admin/loans/status/REJECTED]
2026-03-25 10:20:04 [reactor-http-nio-9] INFO  c.c.l.f.g.filter.JwtGatewayFilter - ? Token valid ? user: mohan_admin, role: ADMIN, path: /admin/loans/status/REJECTED
2026-03-25 10:20:04 [reactor-http-nio-9] INFO  c.c.l.f.g.filter.JwtGatewayFilter - ?? Forwarding request to service with headers X-Auth-Username=mohan_admin, X-Auth-Role=ADMIN
2026-03-25 10:21:23 [reactor-http-nio-11] INFO  c.c.l.f.g.filter.JwtGatewayFilter - ? Incoming request ? [GET /admin/loans/user/admin3]
2026-03-25 10:21:23 [reactor-http-nio-11] INFO  c.c.l.f.g.filter.JwtGatewayFilter - ? Token valid ? user: mohan_admin, role: ADMIN, path: /admin/loans/user/admin3
2026-03-25 10:21:23 [reactor-http-nio-11] INFO  c.c.l.f.g.filter.JwtGatewayFilter - ?? Forwarding request to service with headers X-Auth-Username=mohan_admin, X-Auth-Role=ADMIN
2026-03-25 10:22:54 [reactor-http-nio-1] INFO  c.c.l.f.g.filter.JwtGatewayFilter - ? Incoming request ? [GET /admin/loans/user/user3]
2026-03-25 10:22:54 [reactor-http-nio-1] INFO  c.c.l.f.g.filter.JwtGatewayFilter - ? Token valid ? user: mohan_admin, role: ADMIN, path: /admin/loans/user/user3
2026-03-25 10:22:54 [reactor-http-nio-1] INFO  c.c.l.f.g.filter.JwtGatewayFilter - ?? Forwarding request to service with headers X-Auth-Username=mohan_admin, X-Auth-Role=ADMIN
2026-03-25 10:22:57 [AsyncResolver-bootstrap-executor-%d] INFO  c.n.d.s.r.aws.ConfigClusterResolver - Resolving eureka endpoints via configuration
2026-03-25 10:23:37 [reactor-http-nio-1] INFO  c.c.l.f.g.filter.JwtGatewayFilter - ? Incoming request ? [GET /admin/loans/status/Pending]
2026-03-25 10:23:37 [reactor-http-nio-1] INFO  c.c.l.f.g.filter.JwtGatewayFilter - ? Token valid ? user: mohan_admin, role: ADMIN, path: /admin/loans/status/Pending
2026-03-25 10:23:37 [reactor-http-nio-1] INFO  c.c.l.f.g.filter.JwtGatewayFilter - ?? Forwarding request to service with headers X-Auth-Username=mohan_admin, X-Auth-Role=ADMIN
2026-03-25 10:23:46 [reactor-http-nio-1] INFO  c.c.l.f.g.filter.JwtGatewayFilter - ? Incoming request ? [GET /admin/loans/status/PENDING]
2026-03-25 10:23:46 [reactor-http-nio-1] INFO  c.c.l.f.g.filter.JwtGatewayFilter - ? Token valid ? user: mohan_admin, role: ADMIN, path: /admin/loans/status/PENDING
2026-03-25 10:23:46 [reactor-http-nio-1] INFO  c.c.l.f.g.filter.JwtGatewayFilter - ?? Forwarding request to service with headers X-Auth-Username=mohan_admin, X-Auth-Role=ADMIN
2026-03-25 10:27:57 [AsyncResolver-bootstrap-executor-%d] INFO  c.n.d.s.r.aws.ConfigClusterResolver - Resolving eureka endpoints via configuration
2026-03-25 10:28:36 [reactor-http-nio-3] INFO  c.c.l.f.g.filter.JwtGatewayFilter - ? Incoming request ? [POST /admin/loans/1/decision]
2026-03-25 10:28:36 [reactor-http-nio-3] INFO  c.c.l.f.g.filter.JwtGatewayFilter - ? Token valid ? user: mohan_admin, role: ADMIN, path: /admin/loans/1/decision
2026-03-25 10:28:36 [reactor-http-nio-3] INFO  c.c.l.f.g.filter.JwtGatewayFilter - ?? Forwarding request to service with headers X-Auth-Username=mohan_admin, X-Auth-Role=ADMIN
2026-03-25 10:29:20 [reactor-http-nio-3] INFO  c.c.l.f.g.filter.JwtGatewayFilter - ? Incoming request ? [POST /admin/loans/1/decision]
2026-03-25 10:29:20 [reactor-http-nio-3] INFO  c.c.l.f.g.filter.JwtGatewayFilter - ? Token valid ? user: mohan_admin, role: ADMIN, path: /admin/loans/1/decision
2026-03-25 10:29:20 [reactor-http-nio-3] INFO  c.c.l.f.g.filter.JwtGatewayFilter - ?? Forwarding request to service with headers X-Auth-Username=mohan_admin, X-Auth-Role=ADMIN
2026-03-25 10:29:57 [reactor-http-nio-3] INFO  c.c.l.f.g.filter.JwtGatewayFilter - ? Incoming request ? [PUT /admin/loans/1/approve]
2026-03-25 10:29:57 [reactor-http-nio-3] INFO  c.c.l.f.g.filter.JwtGatewayFilter - ? Token valid ? user: mohan_admin, role: ADMIN, path: /admin/loans/1/approve
2026-03-25 10:29:57 [reactor-http-nio-3] INFO  c.c.l.f.g.filter.JwtGatewayFilter - ?? Forwarding request to service with headers X-Auth-Username=mohan_admin, X-Auth-Role=ADMIN
2026-03-25 10:30:51 [reactor-http-nio-3] INFO  c.c.l.f.g.filter.JwtGatewayFilter - ? Incoming request ? [PUT /admin/loans/1/approve]
2026-03-25 10:30:51 [reactor-http-nio-3] INFO  c.c.l.f.g.filter.JwtGatewayFilter - ? Token valid ? user: mohan_admin, role: ADMIN, path: /admin/loans/1/approve
2026-03-25 10:30:51 [reactor-http-nio-3] INFO  c.c.l.f.g.filter.JwtGatewayFilter - ?? Forwarding request to service with headers X-Auth-Username=mohan_admin, X-Auth-Role=ADMIN
2026-03-25 10:31:50 [reactor-http-nio-3] INFO  c.c.l.f.g.filter.JwtGatewayFilter - ? Incoming request ? [PUT /admin/loans/10/approve]
2026-03-25 10:31:50 [reactor-http-nio-3] INFO  c.c.l.f.g.filter.JwtGatewayFilter - ? Token valid ? user: mohan_admin, role: ADMIN, path: /admin/loans/10/approve
2026-03-25 10:31:50 [reactor-http-nio-3] INFO  c.c.l.f.g.filter.JwtGatewayFilter - ?? Forwarding request to service with headers X-Auth-Username=mohan_admin, X-Auth-Role=ADMIN
2026-03-25 10:32:45 [reactor-http-nio-3] INFO  c.c.l.f.g.filter.JwtGatewayFilter - ? Incoming request ? [PUT /admin/loans/7/approve]
2026-03-25 10:32:45 [reactor-http-nio-3] INFO  c.c.l.f.g.filter.JwtGatewayFilter - ? Token valid ? user: mohan_admin, role: ADMIN, path: /admin/loans/7/approve
2026-03-25 10:32:45 [reactor-http-nio-3] INFO  c.c.l.f.g.filter.JwtGatewayFilter - ?? Forwarding request to service with headers X-Auth-Username=mohan_admin, X-Auth-Role=ADMIN
2026-03-25 10:32:57 [AsyncResolver-bootstrap-executor-%d] INFO  c.n.d.s.r.aws.ConfigClusterResolver - Resolving eureka endpoints via configuration
2026-03-25 10:33:18 [reactor-http-nio-3] INFO  c.c.l.f.g.filter.JwtGatewayFilter - ? Incoming request ? [GET /admin/loans/10]
2026-03-25 10:33:18 [reactor-http-nio-3] INFO  c.c.l.f.g.filter.JwtGatewayFilter - ? Token valid ? user: mohan_admin, role: ADMIN, path: /admin/loans/10
2026-03-25 10:33:18 [reactor-http-nio-3] INFO  c.c.l.f.g.filter.JwtGatewayFilter - ?? Forwarding request to service with headers X-Auth-Username=mohan_admin, X-Auth-Role=ADMIN
2026-03-25 10:35:04 [reactor-http-nio-5] INFO  c.c.l.f.g.filter.JwtGatewayFilter - ? Incoming request ? [POST /admin/loans/10/decision]
2026-03-25 10:35:04 [reactor-http-nio-5] INFO  c.c.l.f.g.filter.JwtGatewayFilter - ? Token valid ? user: mohan_admin, role: ADMIN, path: /admin/loans/10/decision
2026-03-25 10:35:04 [reactor-http-nio-5] INFO  c.c.l.f.g.filter.JwtGatewayFilter - ?? Forwarding request to service with headers X-Auth-Username=mohan_admin, X-Auth-Role=ADMIN
2026-03-25 10:37:06 [reactor-http-nio-7] INFO  c.c.l.f.g.filter.JwtGatewayFilter - ? Incoming request ? [PUT /admin/loans/2/reject]
2026-03-25 10:37:06 [reactor-http-nio-7] INFO  c.c.l.f.g.filter.JwtGatewayFilter - ? Token valid ? user: mohan_admin, role: ADMIN, path: /admin/loans/2/reject
2026-03-25 10:37:06 [reactor-http-nio-7] INFO  c.c.l.f.g.filter.JwtGatewayFilter - ?? Forwarding request to service with headers X-Auth-Username=mohan_admin, X-Auth-Role=ADMIN
2026-03-25 10:37:57 [AsyncResolver-bootstrap-executor-%d] INFO  c.n.d.s.r.aws.ConfigClusterResolver - Resolving eureka endpoints via configuration
2026-03-25 10:38:00 [reactor-http-nio-7] INFO  c.c.l.f.g.filter.JwtGatewayFilter - ? Incoming request ? [DELETE /admin/loans/3]
2026-03-25 10:38:00 [reactor-http-nio-7] INFO  c.c.l.f.g.filter.JwtGatewayFilter - ? Token valid ? user: mohan_admin, role: ADMIN, path: /admin/loans/3
2026-03-25 10:38:00 [reactor-http-nio-7] INFO  c.c.l.f.g.filter.JwtGatewayFilter - ?? Forwarding request to service with headers X-Auth-Username=mohan_admin, X-Auth-Role=ADMIN
2026-03-25 10:42:18 [reactor-http-nio-9] INFO  c.c.l.f.g.filter.JwtGatewayFilter - ? Incoming request ? [GET /admin/documents]
2026-03-25 10:42:18 [reactor-http-nio-9] INFO  c.c.l.f.g.filter.JwtGatewayFilter - ? Token valid ? user: mohan_admin, role: ADMIN, path: /admin/documents
2026-03-25 10:42:18 [reactor-http-nio-9] INFO  c.c.l.f.g.filter.JwtGatewayFilter - ?? Forwarding request to service with headers X-Auth-Username=mohan_admin, X-Auth-Role=ADMIN
2026-03-25 10:42:57 [AsyncResolver-bootstrap-executor-%d] INFO  c.n.d.s.r.aws.ConfigClusterResolver - Resolving eureka endpoints via configuration
2026-03-25 10:44:06 [reactor-http-nio-11] INFO  c.c.l.f.g.filter.JwtGatewayFilter - ? Incoming request ? [GET /admin/documents/1]
2026-03-25 10:44:06 [reactor-http-nio-11] INFO  c.c.l.f.g.filter.JwtGatewayFilter - ? Token valid ? user: mohan_admin, role: ADMIN, path: /admin/documents/1
2026-03-25 10:44:06 [reactor-http-nio-11] INFO  c.c.l.f.g.filter.JwtGatewayFilter - ?? Forwarding request to service with headers X-Auth-Username=mohan_admin, X-Auth-Role=ADMIN
2026-03-25 10:45:17 [reactor-http-nio-1] INFO  c.c.l.f.g.filter.JwtGatewayFilter - ? Incoming request ? [GET /admin/documents/loan/10]
2026-03-25 10:45:17 [reactor-http-nio-1] INFO  c.c.l.f.g.filter.JwtGatewayFilter - ? Token valid ? user: mohan_admin, role: ADMIN, path: /admin/documents/loan/10
2026-03-25 10:45:17 [reactor-http-nio-1] INFO  c.c.l.f.g.filter.JwtGatewayFilter - ?? Forwarding request to service with headers X-Auth-Username=mohan_admin, X-Auth-Role=ADMIN
2026-03-25 10:45:26 [reactor-http-nio-1] INFO  c.c.l.f.g.filter.JwtGatewayFilter - ? Incoming request ? [GET /admin/documents/loan/7]
2026-03-25 10:45:26 [reactor-http-nio-1] INFO  c.c.l.f.g.filter.JwtGatewayFilter - ? Token valid ? user: mohan_admin, role: ADMIN, path: /admin/documents/loan/7
2026-03-25 10:45:26 [reactor-http-nio-1] INFO  c.c.l.f.g.filter.JwtGatewayFilter - ?? Forwarding request to service with headers X-Auth-Username=mohan_admin, X-Auth-Role=ADMIN
2026-03-25 10:46:23 [reactor-http-nio-1] INFO  c.c.l.f.g.filter.JwtGatewayFilter - ? Incoming request ? [GET /admin/documents/status/PENDING]
2026-03-25 10:46:23 [reactor-http-nio-1] WARN  c.c.l.f.g.filter.JwtGatewayFilter - ? Missing or invalid Authorization header for path: /admin/documents/status/PENDING
2026-03-25 10:46:54 [reactor-http-nio-1] INFO  c.c.l.f.g.filter.JwtGatewayFilter - ? Incoming request ? [GET /admin/documents/status/PENDING]
2026-03-25 10:46:54 [reactor-http-nio-1] INFO  c.c.l.f.g.filter.JwtGatewayFilter - ? Token valid ? user: mohan_admin, role: ADMIN, path: /admin/documents/status/PENDING
2026-03-25 10:46:54 [reactor-http-nio-1] INFO  c.c.l.f.g.filter.JwtGatewayFilter - ?? Forwarding request to service with headers X-Auth-Username=mohan_admin, X-Auth-Role=ADMIN
2026-03-25 10:47:06 [reactor-http-nio-1] INFO  c.c.l.f.g.filter.JwtGatewayFilter - ? Incoming request ? [GET /admin/documents/status/APPROVE]
2026-03-25 10:47:06 [reactor-http-nio-1] INFO  c.c.l.f.g.filter.JwtGatewayFilter - ? Token valid ? user: mohan_admin, role: ADMIN, path: /admin/documents/status/APPROVE
2026-03-25 10:47:06 [reactor-http-nio-1] INFO  c.c.l.f.g.filter.JwtGatewayFilter - ?? Forwarding request to service with headers X-Auth-Username=mohan_admin, X-Auth-Role=ADMIN
2026-03-25 10:47:57 [AsyncResolver-bootstrap-executor-%d] INFO  c.n.d.s.r.aws.ConfigClusterResolver - Resolving eureka endpoints via configuration
2026-03-25 10:49:13 [reactor-http-nio-3] INFO  c.c.l.f.g.filter.JwtGatewayFilter - ? Incoming request ? [PUT /admin/documents/1/verify]
2026-03-25 10:49:13 [reactor-http-nio-3] INFO  c.c.l.f.g.filter.JwtGatewayFilter - ? Token valid ? user: mohan_admin, role: ADMIN, path: /admin/documents/1/verify
2026-03-25 10:49:13 [reactor-http-nio-3] INFO  c.c.l.f.g.filter.JwtGatewayFilter - ?? Forwarding request to service with headers X-Auth-Username=mohan_admin, X-Auth-Role=ADMIN
2026-03-25 10:49:43 [reactor-http-nio-3] INFO  c.c.l.f.g.filter.JwtGatewayFilter - ? Incoming request ? [PUT /admin/documents/1/verify]
2026-03-25 10:49:43 [reactor-http-nio-3] INFO  c.c.l.f.g.filter.JwtGatewayFilter - ? Token valid ? user: mohan_admin, role: ADMIN, path: /admin/documents/1/verify
2026-03-25 10:49:43 [reactor-http-nio-3] INFO  c.c.l.f.g.filter.JwtGatewayFilter - ?? Forwarding request to service with headers X-Auth-Username=mohan_admin, X-Auth-Role=ADMIN
2026-03-25 10:50:36 [reactor-http-nio-3] INFO  c.c.l.f.g.filter.JwtGatewayFilter - ? Incoming request ? [PUT /admin/documents/1/verify]
2026-03-25 10:50:36 [reactor-http-nio-3] INFO  c.c.l.f.g.filter.JwtGatewayFilter - ? Token valid ? user: mohan_admin, role: ADMIN, path: /admin/documents/1/verify
2026-03-25 10:50:36 [reactor-http-nio-3] INFO  c.c.l.f.g.filter.JwtGatewayFilter - ?? Forwarding request to service with headers X-Auth-Username=mohan_admin, X-Auth-Role=ADMIN
2026-03-25 10:52:20 [reactor-http-nio-5] INFO  c.c.l.f.g.filter.JwtGatewayFilter - ? Incoming request ? [DELETE /admin/documents/1]
2026-03-25 10:52:20 [reactor-http-nio-5] INFO  c.c.l.f.g.filter.JwtGatewayFilter - ? Token valid ? user: mohan_admin, role: ADMIN, path: /admin/documents/1
2026-03-25 10:52:20 [reactor-http-nio-5] INFO  c.c.l.f.g.filter.JwtGatewayFilter - ?? Forwarding request to service with headers X-Auth-Username=mohan_admin, X-Auth-Role=ADMIN
2026-03-25 10:52:57 [AsyncResolver-bootstrap-executor-%d] INFO  c.n.d.s.r.aws.ConfigClusterResolver - Resolving eureka endpoints via configuration
2026-03-25 10:54:58 [reactor-http-nio-7] INFO  c.c.l.f.g.filter.JwtGatewayFilter - ? Incoming request ? [PUT /admin/documents/5/verify]
2026-03-25 10:54:58 [reactor-http-nio-7] INFO  c.c.l.f.g.filter.JwtGatewayFilter - ? Token valid ? user: mohan_admin, role: ADMIN, path: /admin/documents/5/verify
2026-03-25 10:54:58 [reactor-http-nio-7] INFO  c.c.l.f.g.filter.JwtGatewayFilter - ?? Forwarding request to service with headers X-Auth-Username=mohan_admin, X-Auth-Role=ADMIN
2026-03-25 10:56:44 [reactor-http-nio-9] INFO  c.c.l.f.g.filter.JwtGatewayFilter - ? Incoming request ? [GET /admin/users]
2026-03-25 10:56:44 [reactor-http-nio-9] WARN  c.c.l.f.g.filter.JwtGatewayFilter - ? Missing or invalid Authorization header for path: /admin/users
2026-03-25 10:57:17 [reactor-http-nio-9] INFO  c.c.l.f.g.filter.JwtGatewayFilter - ? Incoming request ? [GET /admin/users]
2026-03-25 10:57:17 [reactor-http-nio-9] INFO  c.c.l.f.g.filter.JwtGatewayFilter - ? Token valid ? user: mohan_admin, role: ADMIN, path: /admin/users
2026-03-25 10:57:17 [reactor-http-nio-9] INFO  c.c.l.f.g.filter.JwtGatewayFilter - ?? Forwarding request to service with headers X-Auth-Username=mohan_admin, X-Auth-Role=ADMIN
2026-03-25 10:58:31 [AsyncResolver-bootstrap-executor-%d] INFO  c.n.d.s.r.aws.ConfigClusterResolver - Resolving eureka endpoints via configuration
2026-03-25 10:59:29 [reactor-http-nio-11] INFO  c.c.l.f.g.filter.JwtGatewayFilter - ? Incoming request ? [GET /admin/users/1]
2026-03-25 10:59:29 [reactor-http-nio-11] INFO  c.c.l.f.g.filter.JwtGatewayFilter - ? Token valid ? user: mohan_admin, role: ADMIN, path: /admin/users/1
2026-03-25 10:59:29 [reactor-http-nio-11] INFO  c.c.l.f.g.filter.JwtGatewayFilter - ?? Forwarding request to service with headers X-Auth-Username=mohan_admin, X-Auth-Role=ADMIN
2026-03-25 11:00:26 [reactor-http-nio-11] INFO  c.c.l.f.g.filter.JwtGatewayFilter - ? Incoming request ? [PUT /admin/users/1]
2026-03-25 11:00:26 [reactor-http-nio-11] WARN  c.c.l.f.g.filter.JwtGatewayFilter - ? Missing or invalid Authorization header for path: /admin/users/1
2026-03-25 11:00:58 [reactor-http-nio-11] INFO  c.c.l.f.g.filter.JwtGatewayFilter - ? Incoming request ? [PUT /admin/users/1]
2026-03-25 11:00:58 [reactor-http-nio-11] INFO  c.c.l.f.g.filter.JwtGatewayFilter - ? Token valid ? user: mohan_admin, role: ADMIN, path: /admin/users/1
2026-03-25 11:00:58 [reactor-http-nio-11] INFO  c.c.l.f.g.filter.JwtGatewayFilter - ?? Forwarding request to service with headers X-Auth-Username=mohan_admin, X-Auth-Role=ADMIN
2026-03-25 11:02:13 [reactor-http-nio-1] INFO  c.c.l.f.g.filter.JwtGatewayFilter - ? Incoming request ? [GET /admin/users/1/deactivate]
2026-03-25 11:02:13 [reactor-http-nio-1] INFO  c.c.l.f.g.filter.JwtGatewayFilter - ? Token valid ? user: mohan_admin, role: ADMIN, path: /admin/users/1/deactivate
2026-03-25 11:02:13 [reactor-http-nio-1] INFO  c.c.l.f.g.filter.JwtGatewayFilter - ?? Forwarding request to service with headers X-Auth-Username=mohan_admin, X-Auth-Role=ADMIN
2026-03-25 11:02:18 [reactor-http-nio-1] INFO  c.c.l.f.g.filter.JwtGatewayFilter - ? Incoming request ? [PUT /admin/users/1/deactivate]
2026-03-25 11:02:18 [reactor-http-nio-1] INFO  c.c.l.f.g.filter.JwtGatewayFilter - ? Token valid ? user: mohan_admin, role: ADMIN, path: /admin/users/1/deactivate
2026-03-25 11:02:18 [reactor-http-nio-1] INFO  c.c.l.f.g.filter.JwtGatewayFilter - ?? Forwarding request to service with headers X-Auth-Username=mohan_admin, X-Auth-Role=ADMIN
2026-03-25 11:02:58 [reactor-http-nio-1] INFO  c.c.l.f.g.filter.JwtGatewayFilter - ? Incoming request ? [GET /admin/reports]
2026-03-25 11:02:58 [reactor-http-nio-1] INFO  c.c.l.f.g.filter.JwtGatewayFilter - ? Token valid ? user: mohan_admin, role: ADMIN, path: /admin/reports
2026-03-25 11:02:58 [reactor-http-nio-1] INFO  c.c.l.f.g.filter.JwtGatewayFilter - ?? Forwarding request to service with headers X-Auth-Username=mohan_admin, X-Auth-Role=ADMIN
2026-03-25 11:03:31 [AsyncResolver-bootstrap-executor-%d] INFO  c.n.d.s.r.aws.ConfigClusterResolver - Resolving eureka endpoints via configuration
2026-03-25 11:04:30 [reactor-http-nio-3] INFO  c.c.l.f.g.filter.JwtGatewayFilter - ? Incoming request ? [GET /admin/reports/counts]
2026-03-25 11:04:30 [reactor-http-nio-3] INFO  c.c.l.f.g.filter.JwtGatewayFilter - ? Token valid ? user: mohan_admin, role: ADMIN, path: /admin/reports/counts
2026-03-25 11:04:30 [reactor-http-nio-3] INFO  c.c.l.f.g.filter.JwtGatewayFilter - ?? Forwarding request to service with headers X-Auth-Username=mohan_admin, X-Auth-Role=ADMIN
2026-03-25 11:08:31 [AsyncResolver-bootstrap-executor-%d] INFO  c.n.d.s.r.aws.ConfigClusterResolver - Resolving eureka endpoints via configuration
2026-03-25 11:13:31 [AsyncResolver-bootstrap-executor-%d] INFO  c.n.d.s.r.aws.ConfigClusterResolver - Resolving eureka endpoints via configuration
2026-03-25 11:18:31 [AsyncResolver-bootstrap-executor-%d] INFO  c.n.d.s.r.aws.ConfigClusterResolver - Resolving eureka endpoints via configuration
2026-03-25 11:23:31 [AsyncResolver-bootstrap-executor-%d] INFO  c.n.d.s.r.aws.ConfigClusterResolver - Resolving eureka endpoints via configuration
2026-03-25 11:24:18 [reactor-http-nio-5] INFO  c.c.l.f.g.filter.JwtGatewayFilter - ? Incoming request ? [POST /auth/login]
2026-03-25 11:24:18 [reactor-http-nio-5] INFO  c.c.l.f.g.filter.JwtGatewayFilter - ? Public path, skipping JWT check ? /auth/login
2026-03-25 11:24:53 [reactor-http-nio-5] INFO  c.c.l.f.g.filter.JwtGatewayFilter - ? Incoming request ? [GET /admin/users]
2026-03-25 11:24:53 [reactor-http-nio-5] INFO  c.c.l.f.g.filter.JwtGatewayFilter - ? Token valid ? user: mohan_admin, role: ADMIN, path: /admin/users
2026-03-25 11:24:53 [reactor-http-nio-5] INFO  c.c.l.f.g.filter.JwtGatewayFilter - ?? Forwarding request to service with headers X-Auth-Username=mohan_admin, X-Auth-Role=ADMIN
2026-03-25 11:25:22 [reactor-http-nio-5] INFO  c.c.l.f.g.filter.JwtGatewayFilter - ? Incoming request ? [DELETE /admin/documents/1]
2026-03-25 11:25:22 [reactor-http-nio-5] INFO  c.c.l.f.g.filter.JwtGatewayFilter - ? Token valid ? user: mohan_admin, role: ADMIN, path: /admin/documents/1
2026-03-25 11:25:22 [reactor-http-nio-5] INFO  c.c.l.f.g.filter.JwtGatewayFilter - ?? Forwarding request to service with headers X-Auth-Username=mohan_admin, X-Auth-Role=ADMIN
2026-03-25 11:25:37 [reactor-http-nio-5] INFO  c.c.l.f.g.filter.JwtGatewayFilter - ? Incoming request ? [PUT /admin/documents/5/verify]
2026-03-25 11:25:37 [reactor-http-nio-5] INFO  c.c.l.f.g.filter.JwtGatewayFilter - ? Token valid ? user: mohan_admin, role: ADMIN, path: /admin/documents/5/verify
2026-03-25 11:25:37 [reactor-http-nio-5] INFO  c.c.l.f.g.filter.JwtGatewayFilter - ?? Forwarding request to service with headers X-Auth-Username=mohan_admin, X-Auth-Role=ADMIN
2026-03-25 11:28:06 [reactor-http-nio-7] INFO  c.c.l.f.g.filter.JwtGatewayFilter - ? Incoming request ? [PUT /admin/documents/5/verify]
2026-03-25 11:28:06 [reactor-http-nio-7] INFO  c.c.l.f.g.filter.JwtGatewayFilter - ? Token valid ? user: mohan_admin, role: ADMIN, path: /admin/documents/5/verify
2026-03-25 11:28:06 [reactor-http-nio-7] INFO  c.c.l.f.g.filter.JwtGatewayFilter - ?? Forwarding request to service with headers X-Auth-Username=mohan_admin, X-Auth-Role=ADMIN
2026-03-25 11:28:14 [reactor-http-nio-7] INFO  c.c.l.f.g.filter.JwtGatewayFilter - ? Incoming request ? [DELETE /admin/documents/1]
2026-03-25 11:28:14 [reactor-http-nio-7] INFO  c.c.l.f.g.filter.JwtGatewayFilter - ? Token valid ? user: mohan_admin, role: ADMIN, path: /admin/documents/1
2026-03-25 11:28:14 [reactor-http-nio-7] INFO  c.c.l.f.g.filter.JwtGatewayFilter - ?? Forwarding request to service with headers X-Auth-Username=mohan_admin, X-Auth-Role=ADMIN
2026-03-25 11:28:31 [AsyncResolver-bootstrap-executor-%d] INFO  c.n.d.s.r.aws.ConfigClusterResolver - Resolving eureka endpoints via configuration
2026-03-25 11:29:53 [reactor-http-nio-9] INFO  c.c.l.f.g.filter.JwtGatewayFilter - ? Incoming request ? [PUT /admin/documents/5/verify]
2026-03-25 11:29:53 [reactor-http-nio-9] INFO  c.c.l.f.g.filter.JwtGatewayFilter - ? Token valid ? user: mohan_admin, role: ADMIN, path: /admin/documents/5/verify
2026-03-25 11:29:53 [reactor-http-nio-9] INFO  c.c.l.f.g.filter.JwtGatewayFilter - ?? Forwarding request to service with headers X-Auth-Username=mohan_admin, X-Auth-Role=ADMIN
2026-03-25 11:30:03 [reactor-http-nio-9] INFO  c.c.l.f.g.filter.JwtGatewayFilter - ? Incoming request ? [DELETE /admin/documents/1]
2026-03-25 11:30:03 [reactor-http-nio-9] INFO  c.c.l.f.g.filter.JwtGatewayFilter - ? Token valid ? user: mohan_admin, role: ADMIN, path: /admin/documents/1
2026-03-25 11:30:03 [reactor-http-nio-9] INFO  c.c.l.f.g.filter.JwtGatewayFilter - ?? Forwarding request to service with headers X-Auth-Username=mohan_admin, X-Auth-Role=ADMIN
2026-03-25 11:31:25 [reactor-http-nio-11] INFO  c.c.l.f.g.filter.JwtGatewayFilter - ? Incoming request ? [PUT /admin/documents/5/verify]
2026-03-25 11:31:25 [reactor-http-nio-11] INFO  c.c.l.f.g.filter.JwtGatewayFilter - ? Token valid ? user: mohan_admin, role: ADMIN, path: /admin/documents/5/verify
2026-03-25 11:31:25 [reactor-http-nio-11] INFO  c.c.l.f.g.filter.JwtGatewayFilter - ?? Forwarding request to service with headers X-Auth-Username=mohan_admin, X-Auth-Role=ADMIN
2026-03-25 11:33:31 [AsyncResolver-bootstrap-executor-%d] INFO  c.n.d.s.r.aws.ConfigClusterResolver - Resolving eureka endpoints via configuration
2026-03-25 11:38:31 [AsyncResolver-bootstrap-executor-%d] INFO  c.n.d.s.r.aws.ConfigClusterResolver - Resolving eureka endpoints via configuration
2026-03-25 11:43:31 [AsyncResolver-bootstrap-executor-%d] INFO  c.n.d.s.r.aws.ConfigClusterResolver - Resolving eureka endpoints via configuration
2026-03-25 11:48:31 [AsyncResolver-bootstrap-executor-%d] INFO  c.n.d.s.r.aws.ConfigClusterResolver - Resolving eureka endpoints via configuration
2026-03-25 11:53:31 [AsyncResolver-bootstrap-executor-%d] INFO  c.n.d.s.r.aws.ConfigClusterResolver - Resolving eureka endpoints via configuration
2026-03-25 11:58:31 [AsyncResolver-bootstrap-executor-%d] INFO  c.n.d.s.r.aws.ConfigClusterResolver - Resolving eureka endpoints via configuration
2026-03-25 12:03:31 [AsyncResolver-bootstrap-executor-%d] INFO  c.n.d.s.r.aws.ConfigClusterResolver - Resolving eureka endpoints via configuration
2026-03-25 12:08:31 [AsyncResolver-bootstrap-executor-%d] INFO  c.n.d.s.r.aws.ConfigClusterResolver - Resolving eureka endpoints via configuration
2026-03-25 12:13:31 [AsyncResolver-bootstrap-executor-%d] INFO  c.n.d.s.r.aws.ConfigClusterResolver - Resolving eureka endpoints via configuration
2026-03-25 12:15:43 [DiscoveryClient-HeartbeatExecutor-%d] INFO  c.n.d.s.t.d.RedirectingEurekaHttpClient - Request execution error. endpoint=DefaultEndpoint{ serviceUrl='http://localhost:8761/eureka/} exception=I/O error on PUT request for "http://localhost:8761/eureka/apps/API-GATEWAY/KRISHANMOHAN:api-gateway:9090": Connect to http://localhost:8761 failed: Connection refused: no further information stacktrace=org.springframework.web.client.ResourceAccessException: I/O error on PUT request for "http://localhost:8761/eureka/apps/API-GATEWAY/KRISHANMOHAN:api-gateway:9090": Connect to http://localhost:8761 failed: Connection refused: no further information
	at org.springframework.web.client.RestTemplate.createResourceAccessException(RestTemplate.java:926)
	at org.springframework.web.client.RestTemplate.doExecute(RestTemplate.java:906)
	at org.springframework.web.client.RestTemplate.execute(RestTemplate.java:841)
	at org.springframework.web.client.RestTemplate.exchange(RestTemplate.java:702)
	at org.springframework.cloud.netflix.eureka.http.RestTemplateEurekaHttpClient.sendHeartBeat(RestTemplateEurekaHttpClient.java:119)
	at com.netflix.discovery.shared.transport.decorator.EurekaHttpClientDecorator$3.execute(EurekaHttpClientDecorator.java:92)
	at com.netflix.discovery.shared.transport.decorator.RedirectingEurekaHttpClient.execute(RedirectingEurekaHttpClient.java:91)
	at com.netflix.discovery.shared.transport.decorator.EurekaHttpClientDecorator.sendHeartBeat(EurekaHttpClientDecorator.java:89)
	at com.netflix.discovery.shared.transport.decorator.EurekaHttpClientDecorator$3.execute(EurekaHttpClientDecorator.java:92)
	at com.netflix.discovery.shared.transport.decorator.RetryableEurekaHttpClient.execute(RetryableEurekaHttpClient.java:120)
	at com.netflix.discovery.shared.transport.decorator.EurekaHttpClientDecorator.sendHeartBeat(EurekaHttpClientDecorator.java:89)
	at com.netflix.discovery.shared.transport.decorator.EurekaHttpClientDecorator$3.execute(EurekaHttpClientDecorator.java:92)
	at com.netflix.discovery.shared.transport.decorator.SessionedEurekaHttpClient.execute(SessionedEurekaHttpClient.java:76)
	at com.netflix.discovery.shared.transport.decorator.EurekaHttpClientDecorator.sendHeartBeat(EurekaHttpClientDecorator.java:89)
	at com.netflix.discovery.DiscoveryClient.renew(DiscoveryClient.java:845)
	at com.netflix.discovery.DiscoveryClient$HeartbeatThread.run(DiscoveryClient.java:1403)
	at java.base/java.util.concurrent.Executors$RunnableAdapter.call(Executors.java:539)
	at java.base/java.util.concurrent.FutureTask.run(FutureTask.java:264)
	at java.base/java.util.concurrent.ThreadPoolExecutor.runWorker(ThreadPoolExecutor.java:1136)
	at java.base/java.util.concurrent.ThreadPoolExecutor$Worker.run(ThreadPoolExecutor.java:635)
	at java.base/java.lang.Thread.run(Thread.java:842)
Caused by: org.apache.hc.client5.http.HttpHostConnectException: Connect to http://localhost:8761 failed: Connection refused: no further information
	at java.base/sun.nio.ch.Net.pollConnect(Native Method)
	at java.base/sun.nio.ch.Net.pollConnectNow(Net.java:672)
	at java.base/sun.nio.ch.NioSocketImpl.timedFinishConnect(NioSocketImpl.java:547)
	at java.base/sun.nio.ch.NioSocketImpl.connect(NioSocketImpl.java:602)
	at java.base/java.net.SocksSocketImpl.connect(SocksSocketImpl.java:327)
	at java.base/java.net.Socket.connect(Socket.java:633)
	at org.apache.hc.client5.http.impl.io.DefaultHttpClientConnectionOperator.connect(DefaultHttpClientConnectionOperator.java:226)
	at org.apache.hc.client5.http.impl.io.PoolingHttpClientConnectionManager.connect(PoolingHttpClientConnectionManager.java:497)
	at org.apache.hc.client5.http.impl.classic.InternalExecRuntime.connectEndpoint(InternalExecRuntime.java:164)
	at org.apache.hc.client5.http.impl.classic.InternalExecRuntime.connectEndpoint(InternalExecRuntime.java:174)
	at org.apache.hc.client5.http.impl.classic.ConnectExec.execute(ConnectExec.java:144)
	at org.apache.hc.client5.http.impl.classic.ExecChainElement.execute(ExecChainElement.java:51)
	at org.apache.hc.client5.http.impl.classic.ProtocolExec.execute(ProtocolExec.java:195)
	at org.apache.hc.client5.http.impl.classic.ExecChainElement.execute(ExecChainElement.java:51)
	at org.apache.hc.client5.http.impl.classic.ContentCompressionExec.execute(ContentCompressionExec.java:168)
	at org.apache.hc.client5.http.impl.classic.ExecChainElement.execute(ExecChainElement.java:51)
	at org.apache.hc.client5.http.impl.classic.HttpRequestRetryExec.execute(HttpRequestRetryExec.java:112)
	at org.apache.hc.client5.http.impl.classic.ExecChainElement.execute(ExecChainElement.java:51)
	at org.apache.hc.client5.http.impl.classic.RedirectExec.execute(RedirectExec.java:110)
	at org.apache.hc.client5.http.impl.classic.ExecChainElement.execute(ExecChainElement.java:51)
	at org.apache.hc.client5.http.impl.classic.InternalHttpClient.doExecute(InternalHttpClient.java:185)
	at org.apache.hc.client5.http.impl.classic.CloseableHttpClient.execute(CloseableHttpClient.java:87)
	at org.apache.hc.client5.http.impl.classic.CloseableHttpClient.execute(CloseableHttpClient.java:55)
	at org.apache.hc.client5.http.classic.HttpClient.executeOpen(HttpClient.java:183)
	at org.springframework.http.client.HttpComponentsClientHttpRequest.executeInternal(HttpComponentsClientHttpRequest.java:99)
	at org.springframework.http.client.AbstractStreamingClientHttpRequest.executeInternal(AbstractStreamingClientHttpRequest.java:88)
	at org.springframework.http.client.AbstractClientHttpRequest.execute(AbstractClientHttpRequest.java:81)
	at org.springframework.http.client.InterceptingClientHttpRequest$InterceptingRequestExecution.execute(InterceptingClientHttpRequest.java:117)
	at org.springframework.cloud.netflix.eureka.http.RestTemplateTransportClientFactory.lambda$restTemplate$2(RestTemplateTransportClientFactory.java:145)
	at org.springframework.http.client.InterceptingClientHttpRequest$InterceptingRequestExecution.execute(InterceptingClientHttpRequest.java:88)
	at org.springframework.http.client.InterceptingClientHttpRequest.executeInternal(InterceptingClientHttpRequest.java:72)
	at org.springframework.http.client.AbstractBufferingClientHttpRequest.executeInternal(AbstractBufferingClientHttpRequest.java:48)
	at org.springframework.http.client.AbstractClientHttpRequest.execute(AbstractClientHttpRequest.java:81)
	at org.springframework.web.client.RestTemplate.doExecute(RestTemplate.java:900)
	... 19 more

2026-03-25 12:15:43 [DiscoveryClient-HeartbeatExecutor-%d] WARN  c.n.d.s.t.d.RetryableEurekaHttpClient - Request execution failed with message: I/O error on PUT request for "http://localhost:8761/eureka/apps/API-GATEWAY/KRISHANMOHAN:api-gateway:9090": Connect to http://localhost:8761 failed: Connection refused: no further information
2026-03-25 12:15:43 [DiscoveryClient-HeartbeatExecutor-%d] INFO  c.n.d.s.t.d.RedirectingEurekaHttpClient - Request execution error. endpoint=DefaultEndpoint{ serviceUrl='http://localhost:8761/eureka/}, exception=I/O error on PUT request for "http://localhost:8761/eureka/apps/API-GATEWAY/KRISHANMOHAN:api-gateway:9090": Connect to http://localhost:8761 failed: Connection refused: no further information stacktrace=org.springframework.web.client.ResourceAccessException: I/O error on PUT request for "http://localhost:8761/eureka/apps/API-GATEWAY/KRISHANMOHAN:api-gateway:9090": Connect to http://localhost:8761 failed: Connection refused: no further information
	at org.springframework.web.client.RestTemplate.createResourceAccessException(RestTemplate.java:926)
	at org.springframework.web.client.RestTemplate.doExecute(RestTemplate.java:906)
	at org.springframework.web.client.RestTemplate.execute(RestTemplate.java:841)
	at org.springframework.web.client.RestTemplate.exchange(RestTemplate.java:702)
	at org.springframework.cloud.netflix.eureka.http.RestTemplateEurekaHttpClient.sendHeartBeat(RestTemplateEurekaHttpClient.java:119)
	at com.netflix.discovery.shared.transport.decorator.EurekaHttpClientDecorator$3.execute(EurekaHttpClientDecorator.java:92)
	at com.netflix.discovery.shared.transport.decorator.RedirectingEurekaHttpClient.executeOnNewServer(RedirectingEurekaHttpClient.java:121)
	at com.netflix.discovery.shared.transport.decorator.RedirectingEurekaHttpClient.execute(RedirectingEurekaHttpClient.java:80)
	at com.netflix.discovery.shared.transport.decorator.EurekaHttpClientDecorator.sendHeartBeat(EurekaHttpClientDecorator.java:89)
	at com.netflix.discovery.shared.transport.decorator.EurekaHttpClientDecorator$3.execute(EurekaHttpClientDecorator.java:92)
	at com.netflix.discovery.shared.transport.decorator.RetryableEurekaHttpClient.execute(RetryableEurekaHttpClient.java:120)
	at com.netflix.discovery.shared.transport.decorator.EurekaHttpClientDecorator.sendHeartBeat(EurekaHttpClientDecorator.java:89)
	at com.netflix.discovery.shared.transport.decorator.EurekaHttpClientDecorator$3.execute(EurekaHttpClientDecorator.java:92)
	at com.netflix.discovery.shared.transport.decorator.SessionedEurekaHttpClient.execute(SessionedEurekaHttpClient.java:76)
	at com.netflix.discovery.shared.transport.decorator.EurekaHttpClientDecorator.sendHeartBeat(EurekaHttpClientDecorator.java:89)
	at com.netflix.discovery.DiscoveryClient.renew(DiscoveryClient.java:845)
	at com.netflix.discovery.DiscoveryClient$HeartbeatThread.run(DiscoveryClient.java:1403)
	at java.base/java.util.concurrent.Executors$RunnableAdapter.call(Executors.java:539)
	at java.base/java.util.concurrent.FutureTask.run(FutureTask.java:264)
	at java.base/java.util.concurrent.ThreadPoolExecutor.runWorker(ThreadPoolExecutor.java:1136)
	at java.base/java.util.concurrent.ThreadPoolExecutor$Worker.run(ThreadPoolExecutor.java:635)
	at java.base/java.lang.Thread.run(Thread.java:842)
Caused by: org.apache.hc.client5.http.HttpHostConnectException: Connect to http://localhost:8761 failed: Connection refused: no further information
	at java.base/sun.nio.ch.Net.pollConnect(Native Method)
	at java.base/sun.nio.ch.Net.pollConnectNow(Net.java:672)
	at java.base/sun.nio.ch.NioSocketImpl.timedFinishConnect(NioSocketImpl.java:547)
	at java.base/sun.nio.ch.NioSocketImpl.connect(NioSocketImpl.java:602)
	at java.base/java.net.SocksSocketImpl.connect(SocksSocketImpl.java:327)
	at java.base/java.net.Socket.connect(Socket.java:633)
	at org.apache.hc.client5.http.impl.io.DefaultHttpClientConnectionOperator.connect(DefaultHttpClientConnectionOperator.java:226)
	at org.apache.hc.client5.http.impl.io.PoolingHttpClientConnectionManager.connect(PoolingHttpClientConnectionManager.java:497)
	at org.apache.hc.client5.http.impl.classic.InternalExecRuntime.connectEndpoint(InternalExecRuntime.java:164)
	at org.apache.hc.client5.http.impl.classic.InternalExecRuntime.connectEndpoint(InternalExecRuntime.java:174)
	at org.apache.hc.client5.http.impl.classic.ConnectExec.execute(ConnectExec.java:144)
	at org.apache.hc.client5.http.impl.classic.ExecChainElement.execute(ExecChainElement.java:51)
	at org.apache.hc.client5.http.impl.classic.ProtocolExec.execute(ProtocolExec.java:195)
	at org.apache.hc.client5.http.impl.classic.ExecChainElement.execute(ExecChainElement.java:51)
	at org.apache.hc.client5.http.impl.classic.ContentCompressionExec.execute(ContentCompressionExec.java:168)
	at org.apache.hc.client5.http.impl.classic.ExecChainElement.execute(ExecChainElement.java:51)
	at org.apache.hc.client5.http.impl.classic.HttpRequestRetryExec.execute(HttpRequestRetryExec.java:112)
	at org.apache.hc.client5.http.impl.classic.ExecChainElement.execute(ExecChainElement.java:51)
	at org.apache.hc.client5.http.impl.classic.RedirectExec.execute(RedirectExec.java:110)
	at org.apache.hc.client5.http.impl.classic.ExecChainElement.execute(ExecChainElement.java:51)
	at org.apache.hc.client5.http.impl.classic.InternalHttpClient.doExecute(InternalHttpClient.java:185)
	at org.apache.hc.client5.http.impl.classic.CloseableHttpClient.execute(CloseableHttpClient.java:87)
	at org.apache.hc.client5.http.impl.classic.CloseableHttpClient.execute(CloseableHttpClient.java:55)
	at org.apache.hc.client5.http.classic.HttpClient.executeOpen(HttpClient.java:183)
	at org.springframework.http.client.HttpComponentsClientHttpRequest.executeInternal(HttpComponentsClientHttpRequest.java:99)
	at org.springframework.http.client.AbstractStreamingClientHttpRequest.executeInternal(AbstractStreamingClientHttpRequest.java:88)
	at org.springframework.http.client.AbstractClientHttpRequest.execute(AbstractClientHttpRequest.java:81)
	at org.springframework.http.client.InterceptingClientHttpRequest$InterceptingRequestExecution.execute(InterceptingClientHttpRequest.java:117)
	at org.springframework.cloud.netflix.eureka.http.RestTemplateTransportClientFactory.lambda$restTemplate$2(RestTemplateTransportClientFactory.java:145)
	at org.springframework.http.client.InterceptingClientHttpRequest$InterceptingRequestExecution.execute(InterceptingClientHttpRequest.java:88)
	at org.springframework.http.client.InterceptingClientHttpRequest.executeInternal(InterceptingClientHttpRequest.java:72)
	at org.springframework.http.client.AbstractBufferingClientHttpRequest.executeInternal(AbstractBufferingClientHttpRequest.java:48)
	at org.springframework.http.client.AbstractClientHttpRequest.execute(AbstractClientHttpRequest.java:81)
	at org.springframework.web.client.RestTemplate.doExecute(RestTemplate.java:900)
	... 20 more

2026-03-25 12:15:43 [DiscoveryClient-HeartbeatExecutor-%d] WARN  c.n.d.s.t.d.RetryableEurekaHttpClient - Request execution failed with message: I/O error on PUT request for "http://localhost:8761/eureka/apps/API-GATEWAY/KRISHANMOHAN:api-gateway:9090": Connect to http://localhost:8761 failed: Connection refused: no further information
2026-03-25 12:15:43 [DiscoveryClient-HeartbeatExecutor-%d] ERROR c.netflix.discovery.DiscoveryClient - DiscoveryClient_API-GATEWAY/KRISHANMOHAN:api-gateway:9090 - was unable to send heartbeat!
com.netflix.discovery.shared.transport.TransportException: Cannot execute request on any known server
	at com.netflix.discovery.shared.transport.decorator.RetryableEurekaHttpClient.execute(RetryableEurekaHttpClient.java:112)
	at com.netflix.discovery.shared.transport.decorator.EurekaHttpClientDecorator.sendHeartBeat(EurekaHttpClientDecorator.java:89)
	at com.netflix.discovery.shared.transport.decorator.EurekaHttpClientDecorator$3.execute(EurekaHttpClientDecorator.java:92)
	at com.netflix.discovery.shared.transport.decorator.SessionedEurekaHttpClient.execute(SessionedEurekaHttpClient.java:76)
	at com.netflix.discovery.shared.transport.decorator.EurekaHttpClientDecorator.sendHeartBeat(EurekaHttpClientDecorator.java:89)
	at com.netflix.discovery.DiscoveryClient.renew(DiscoveryClient.java:845)
	at com.netflix.discovery.DiscoveryClient$HeartbeatThread.run(DiscoveryClient.java:1403)
	at java.base/java.util.concurrent.Executors$RunnableAdapter.call(Executors.java:539)
	at java.base/java.util.concurrent.FutureTask.run(FutureTask.java:264)
	at java.base/java.util.concurrent.ThreadPoolExecutor.runWorker(ThreadPoolExecutor.java:1136)
	at java.base/java.util.concurrent.ThreadPoolExecutor$Worker.run(ThreadPoolExecutor.java:635)
	at java.base/java.lang.Thread.run(Thread.java:842)
2026-03-25 12:15:49 [DiscoveryClient-CacheRefreshExecutor-%d] INFO  c.n.d.s.t.d.RedirectingEurekaHttpClient - Request execution error. endpoint=DefaultEndpoint{ serviceUrl='http://localhost:8761/eureka/} exception=I/O error on GET request for "http://localhost:8761/eureka/apps/delta": Connect to http://localhost:8761 failed: Connection refused: no further information stacktrace=org.springframework.web.client.ResourceAccessException: I/O error on GET request for "http://localhost:8761/eureka/apps/delta": Connect to http://localhost:8761 failed: Connection refused: no further information
	at org.springframework.web.client.RestTemplate.createResourceAccessException(RestTemplate.java:926)
	at org.springframework.web.client.RestTemplate.doExecute(RestTemplate.java:906)
	at org.springframework.web.client.RestTemplate.execute(RestTemplate.java:841)
	at org.springframework.web.client.RestTemplate.exchange(RestTemplate.java:702)
	at org.springframework.cloud.netflix.eureka.http.RestTemplateEurekaHttpClient.getApplicationsInternal(RestTemplateEurekaHttpClient.java:174)
	at org.springframework.cloud.netflix.eureka.http.RestTemplateEurekaHttpClient.getDelta(RestTemplateEurekaHttpClient.java:186)
	at com.netflix.discovery.shared.transport.decorator.EurekaHttpClientDecorator$7.execute(EurekaHttpClientDecorator.java:152)
	at com.netflix.discovery.shared.transport.decorator.RedirectingEurekaHttpClient.execute(RedirectingEurekaHttpClient.java:91)
	at com.netflix.discovery.shared.transport.decorator.EurekaHttpClientDecorator.getDelta(EurekaHttpClientDecorator.java:149)
	at com.netflix.discovery.shared.transport.decorator.EurekaHttpClientDecorator$7.execute(EurekaHttpClientDecorator.java:152)
	at com.netflix.discovery.shared.transport.decorator.RetryableEurekaHttpClient.execute(RetryableEurekaHttpClient.java:120)
	at com.netflix.discovery.shared.transport.decorator.EurekaHttpClientDecorator.getDelta(EurekaHttpClientDecorator.java:149)
	at com.netflix.discovery.shared.transport.decorator.EurekaHttpClientDecorator$7.execute(EurekaHttpClientDecorator.java:152)
	at com.netflix.discovery.shared.transport.decorator.SessionedEurekaHttpClient.execute(SessionedEurekaHttpClient.java:76)
	at com.netflix.discovery.shared.transport.decorator.EurekaHttpClientDecorator.getDelta(EurekaHttpClientDecorator.java:149)
	at com.netflix.discovery.DiscoveryClient.getAndUpdateDelta(DiscoveryClient.java:1080)
	at com.netflix.discovery.DiscoveryClient.fetchRegistry(DiscoveryClient.java:963)
	at com.netflix.discovery.DiscoveryClient.refreshRegistry(DiscoveryClient.java:1474)
	at com.netflix.discovery.DiscoveryClient$CacheRefreshThread.run(DiscoveryClient.java:1442)
	at java.base/java.util.concurrent.Executors$RunnableAdapter.call(Executors.java:539)
	at java.base/java.util.concurrent.FutureTask.run(FutureTask.java:264)
	at java.base/java.util.concurrent.ThreadPoolExecutor.runWorker(ThreadPoolExecutor.java:1136)
	at java.base/java.util.concurrent.ThreadPoolExecutor$Worker.run(ThreadPoolExecutor.java:635)
	at java.base/java.lang.Thread.run(Thread.java:842)
Caused by: org.apache.hc.client5.http.HttpHostConnectException: Connect to http://localhost:8761 failed: Connection refused: no further information
	at java.base/sun.nio.ch.Net.pollConnect(Native Method)
	at java.base/sun.nio.ch.Net.pollConnectNow(Net.java:672)
	at java.base/sun.nio.ch.NioSocketImpl.timedFinishConnect(NioSocketImpl.java:547)
	at java.base/sun.nio.ch.NioSocketImpl.connect(NioSocketImpl.java:602)
	at java.base/java.net.SocksSocketImpl.connect(SocksSocketImpl.java:327)
	at java.base/java.net.Socket.connect(Socket.java:633)
	at org.apache.hc.client5.http.impl.io.DefaultHttpClientConnectionOperator.connect(DefaultHttpClientConnectionOperator.java:226)
	at org.apache.hc.client5.http.impl.io.PoolingHttpClientConnectionManager.connect(PoolingHttpClientConnectionManager.java:497)
	at org.apache.hc.client5.http.impl.classic.InternalExecRuntime.connectEndpoint(InternalExecRuntime.java:164)
	at org.apache.hc.client5.http.impl.classic.InternalExecRuntime.connectEndpoint(InternalExecRuntime.java:174)
	at org.apache.hc.client5.http.impl.classic.ConnectExec.execute(ConnectExec.java:144)
	at org.apache.hc.client5.http.impl.classic.ExecChainElement.execute(ExecChainElement.java:51)
	at org.apache.hc.client5.http.impl.classic.ProtocolExec.execute(ProtocolExec.java:195)
	at org.apache.hc.client5.http.impl.classic.ExecChainElement.execute(ExecChainElement.java:51)
	at org.apache.hc.client5.http.impl.classic.ContentCompressionExec.execute(ContentCompressionExec.java:168)
	at org.apache.hc.client5.http.impl.classic.ExecChainElement.execute(ExecChainElement.java:51)
	at org.apache.hc.client5.http.impl.classic.HttpRequestRetryExec.execute(HttpRequestRetryExec.java:112)
	at org.apache.hc.client5.http.impl.classic.ExecChainElement.execute(ExecChainElement.java:51)
	at org.apache.hc.client5.http.impl.classic.RedirectExec.execute(RedirectExec.java:110)
	at org.apache.hc.client5.http.impl.classic.ExecChainElement.execute(ExecChainElement.java:51)
	at org.apache.hc.client5.http.impl.classic.InternalHttpClient.doExecute(InternalHttpClient.java:185)
	at org.apache.hc.client5.http.impl.classic.CloseableHttpClient.execute(CloseableHttpClient.java:87)
	at org.apache.hc.client5.http.impl.classic.CloseableHttpClient.execute(CloseableHttpClient.java:55)
	at org.apache.hc.client5.http.classic.HttpClient.executeOpen(HttpClient.java:183)
	at org.springframework.http.client.HttpComponentsClientHttpRequest.executeInternal(HttpComponentsClientHttpRequest.java:99)
	at org.springframework.http.client.AbstractStreamingClientHttpRequest.executeInternal(AbstractStreamingClientHttpRequest.java:88)
	at org.springframework.http.client.AbstractClientHttpRequest.execute(AbstractClientHttpRequest.java:81)
	at org.springframework.http.client.InterceptingClientHttpRequest$InterceptingRequestExecution.execute(InterceptingClientHttpRequest.java:117)
	at org.springframework.cloud.netflix.eureka.http.RestTemplateTransportClientFactory.lambda$restTemplate$2(RestTemplateTransportClientFactory.java:145)
	at org.springframework.http.client.InterceptingClientHttpRequest$InterceptingRequestExecution.execute(InterceptingClientHttpRequest.java:88)
	at org.springframework.http.client.InterceptingClientHttpRequest.executeInternal(InterceptingClientHttpRequest.java:72)
	at org.springframework.http.client.AbstractBufferingClientHttpRequest.executeInternal(AbstractBufferingClientHttpRequest.java:48)
	at org.springframework.http.client.AbstractClientHttpRequest.execute(AbstractClientHttpRequest.java:81)
	at org.springframework.web.client.RestTemplate.doExecute(RestTemplate.java:900)
	... 22 more

2026-03-25 12:15:49 [DiscoveryClient-CacheRefreshExecutor-%d] WARN  c.n.d.s.t.d.RetryableEurekaHttpClient - Request execution failed with message: I/O error on GET request for "http://localhost:8761/eureka/apps/delta": Connect to http://localhost:8761 failed: Connection refused: no further information
2026-03-25 12:15:49 [DiscoveryClient-CacheRefreshExecutor-%d] INFO  c.n.d.s.t.d.RedirectingEurekaHttpClient - Request execution error. endpoint=DefaultEndpoint{ serviceUrl='http://localhost:8761/eureka/}, exception=I/O error on GET request for "http://localhost:8761/eureka/apps/delta": Connect to http://localhost:8761 failed: Connection refused: no further information stacktrace=org.springframework.web.client.ResourceAccessException: I/O error on GET request for "http://localhost:8761/eureka/apps/delta": Connect to http://localhost:8761 failed: Connection refused: no further information
	at org.springframework.web.client.RestTemplate.createResourceAccessException(RestTemplate.java:926)
	at org.springframework.web.client.RestTemplate.doExecute(RestTemplate.java:906)
	at org.springframework.web.client.RestTemplate.execute(RestTemplate.java:841)
	at org.springframework.web.client.RestTemplate.exchange(RestTemplate.java:702)
	at org.springframework.cloud.netflix.eureka.http.RestTemplateEurekaHttpClient.getApplicationsInternal(RestTemplateEurekaHttpClient.java:174)
	at org.springframework.cloud.netflix.eureka.http.RestTemplateEurekaHttpClient.getDelta(RestTemplateEurekaHttpClient.java:186)
	at com.netflix.discovery.shared.transport.decorator.EurekaHttpClientDecorator$7.execute(EurekaHttpClientDecorator.java:152)
	at com.netflix.discovery.shared.transport.decorator.RedirectingEurekaHttpClient.executeOnNewServer(RedirectingEurekaHttpClient.java:121)
	at com.netflix.discovery.shared.transport.decorator.RedirectingEurekaHttpClient.execute(RedirectingEurekaHttpClient.java:80)
	at com.netflix.discovery.shared.transport.decorator.EurekaHttpClientDecorator.getDelta(EurekaHttpClientDecorator.java:149)
	at com.netflix.discovery.shared.transport.decorator.EurekaHttpClientDecorator$7.execute(EurekaHttpClientDecorator.java:152)
	at com.netflix.discovery.shared.transport.decorator.RetryableEurekaHttpClient.execute(RetryableEurekaHttpClient.java:120)
	at com.netflix.discovery.shared.transport.decorator.EurekaHttpClientDecorator.getDelta(EurekaHttpClientDecorator.java:149)
	at com.netflix.discovery.shared.transport.decorator.EurekaHttpClientDecorator$7.execute(EurekaHttpClientDecorator.java:152)
	at com.netflix.discovery.shared.transport.decorator.SessionedEurekaHttpClient.execute(SessionedEurekaHttpClient.java:76)
	at com.netflix.discovery.shared.transport.decorator.EurekaHttpClientDecorator.getDelta(EurekaHttpClientDecorator.java:149)
	at com.netflix.discovery.DiscoveryClient.getAndUpdateDelta(DiscoveryClient.java:1080)
	at com.netflix.discovery.DiscoveryClient.fetchRegistry(DiscoveryClient.java:963)
	at com.netflix.discovery.DiscoveryClient.refreshRegistry(DiscoveryClient.java:1474)
	at com.netflix.discovery.DiscoveryClient$CacheRefreshThread.run(DiscoveryClient.java:1442)
	at java.base/java.util.concurrent.Executors$RunnableAdapter.call(Executors.java:539)
	at java.base/java.util.concurrent.FutureTask.run(FutureTask.java:264)
	at java.base/java.util.concurrent.ThreadPoolExecutor.runWorker(ThreadPoolExecutor.java:1136)
	at java.base/java.util.concurrent.ThreadPoolExecutor$Worker.run(ThreadPoolExecutor.java:635)
	at java.base/java.lang.Thread.run(Thread.java:842)
Caused by: org.apache.hc.client5.http.HttpHostConnectException: Connect to http://localhost:8761 failed: Connection refused: no further information
	at java.base/sun.nio.ch.Net.pollConnect(Native Method)
	at java.base/sun.nio.ch.Net.pollConnectNow(Net.java:672)
	at java.base/sun.nio.ch.NioSocketImpl.timedFinishConnect(NioSocketImpl.java:547)
	at java.base/sun.nio.ch.NioSocketImpl.connect(NioSocketImpl.java:602)
	at java.base/java.net.SocksSocketImpl.connect(SocksSocketImpl.java:327)
	at java.base/java.net.Socket.connect(Socket.java:633)
	at org.apache.hc.client5.http.impl.io.DefaultHttpClientConnectionOperator.connect(DefaultHttpClientConnectionOperator.java:226)
	at org.apache.hc.client5.http.impl.io.PoolingHttpClientConnectionManager.connect(PoolingHttpClientConnectionManager.java:497)
	at org.apache.hc.client5.http.impl.classic.InternalExecRuntime.connectEndpoint(InternalExecRuntime.java:164)
	at org.apache.hc.client5.http.impl.classic.InternalExecRuntime.connectEndpoint(InternalExecRuntime.java:174)
	at org.apache.hc.client5.http.impl.classic.ConnectExec.execute(ConnectExec.java:144)
	at org.apache.hc.client5.http.impl.classic.ExecChainElement.execute(ExecChainElement.java:51)
	at org.apache.hc.client5.http.impl.classic.ProtocolExec.execute(ProtocolExec.java:195)
	at org.apache.hc.client5.http.impl.classic.ExecChainElement.execute(ExecChainElement.java:51)
	at org.apache.hc.client5.http.impl.classic.ContentCompressionExec.execute(ContentCompressionExec.java:168)
	at org.apache.hc.client5.http.impl.classic.ExecChainElement.execute(ExecChainElement.java:51)
	at org.apache.hc.client5.http.impl.classic.HttpRequestRetryExec.execute(HttpRequestRetryExec.java:112)
	at org.apache.hc.client5.http.impl.classic.ExecChainElement.execute(ExecChainElement.java:51)
	at org.apache.hc.client5.http.impl.classic.RedirectExec.execute(RedirectExec.java:110)
	at org.apache.hc.client5.http.impl.classic.ExecChainElement.execute(ExecChainElement.java:51)
	at org.apache.hc.client5.http.impl.classic.InternalHttpClient.doExecute(InternalHttpClient.java:185)
	at org.apache.hc.client5.http.impl.classic.CloseableHttpClient.execute(CloseableHttpClient.java:87)
	at org.apache.hc.client5.http.impl.classic.CloseableHttpClient.execute(CloseableHttpClient.java:55)
	at org.apache.hc.client5.http.classic.HttpClient.executeOpen(HttpClient.java:183)
	at org.springframework.http.client.HttpComponentsClientHttpRequest.executeInternal(HttpComponentsClientHttpRequest.java:99)
	at org.springframework.http.client.AbstractStreamingClientHttpRequest.executeInternal(AbstractStreamingClientHttpRequest.java:88)
	at org.springframework.http.client.AbstractClientHttpRequest.execute(AbstractClientHttpRequest.java:81)
	at org.springframework.http.client.InterceptingClientHttpRequest$InterceptingRequestExecution.execute(InterceptingClientHttpRequest.java:117)
	at org.springframework.cloud.netflix.eureka.http.RestTemplateTransportClientFactory.lambda$restTemplate$2(RestTemplateTransportClientFactory.java:145)
	at org.springframework.http.client.InterceptingClientHttpRequest$InterceptingRequestExecution.execute(InterceptingClientHttpRequest.java:88)
	at org.springframework.http.client.InterceptingClientHttpRequest.executeInternal(InterceptingClientHttpRequest.java:72)
	at org.springframework.http.client.AbstractBufferingClientHttpRequest.executeInternal(AbstractBufferingClientHttpRequest.java:48)
	at org.springframework.http.client.AbstractClientHttpRequest.execute(AbstractClientHttpRequest.java:81)
	at org.springframework.web.client.RestTemplate.doExecute(RestTemplate.java:900)
	... 23 more

2026-03-25 12:15:49 [DiscoveryClient-CacheRefreshExecutor-%d] WARN  c.n.d.s.t.d.RetryableEurekaHttpClient - Request execution failed with message: I/O error on GET request for "http://localhost:8761/eureka/apps/delta": Connect to http://localhost:8761 failed: Connection refused: no further information
2026-03-25 12:15:49 [DiscoveryClient-CacheRefreshExecutor-%d] INFO  c.netflix.discovery.DiscoveryClient - DiscoveryClient_API-GATEWAY/KRISHANMOHAN:api-gateway:9090 - was unable to refresh its cache! This periodic background refresh will be retried in 30 seconds. status = Cannot execute request on any known server stacktrace = com.netflix.discovery.shared.transport.TransportException: Cannot execute request on any known server
	at com.netflix.discovery.shared.transport.decorator.RetryableEurekaHttpClient.execute(RetryableEurekaHttpClient.java:112)
	at com.netflix.discovery.shared.transport.decorator.EurekaHttpClientDecorator.getDelta(EurekaHttpClientDecorator.java:149)
	at com.netflix.discovery.shared.transport.decorator.EurekaHttpClientDecorator$7.execute(EurekaHttpClientDecorator.java:152)
	at com.netflix.discovery.shared.transport.decorator.SessionedEurekaHttpClient.execute(SessionedEurekaHttpClient.java:76)
	at com.netflix.discovery.shared.transport.decorator.EurekaHttpClientDecorator.getDelta(EurekaHttpClientDecorator.java:149)
	at com.netflix.discovery.DiscoveryClient.getAndUpdateDelta(DiscoveryClient.java:1080)
	at com.netflix.discovery.DiscoveryClient.fetchRegistry(DiscoveryClient.java:963)
	at com.netflix.discovery.DiscoveryClient.refreshRegistry(DiscoveryClient.java:1474)
	at com.netflix.discovery.DiscoveryClient$CacheRefreshThread.run(DiscoveryClient.java:1442)
	at java.base/java.util.concurrent.Executors$RunnableAdapter.call(Executors.java:539)
	at java.base/java.util.concurrent.FutureTask.run(FutureTask.java:264)
	at java.base/java.util.concurrent.ThreadPoolExecutor.runWorker(ThreadPoolExecutor.java:1136)
	at java.base/java.util.concurrent.ThreadPoolExecutor$Worker.run(ThreadPoolExecutor.java:635)
	at java.base/java.lang.Thread.run(Thread.java:842)

2026-03-25 12:15:52 [SpringApplicationShutdownHook] INFO  o.s.c.n.e.s.EurekaServiceRegistry - Unregistering application API-GATEWAY with eureka with status DOWN
2026-03-25 12:15:52 [SpringApplicationShutdownHook] INFO  c.netflix.discovery.DiscoveryClient - Saw local status change event StatusChangeEvent [timestamp=1774421152830, current=DOWN, previous=UP]
2026-03-25 12:15:52 [DiscoveryClient-InstanceInfoReplicator-%d] INFO  c.netflix.discovery.DiscoveryClient - DiscoveryClient_API-GATEWAY/KRISHANMOHAN:api-gateway:9090: registering service...
2026-03-25 12:15:52 [DiscoveryClient-InstanceInfoReplicator-%d] INFO  c.n.d.s.t.d.RedirectingEurekaHttpClient - Request execution error. endpoint=DefaultEndpoint{ serviceUrl='http://localhost:8761/eureka/}, exception=I/O error on POST request for "http://localhost:8761/eureka/apps/API-GATEWAY": Connect to http://localhost:8761 failed: Connection refused: no further information stacktrace=org.springframework.web.client.ResourceAccessException: I/O error on POST request for "http://localhost:8761/eureka/apps/API-GATEWAY": Connect to http://localhost:8761 failed: Connection refused: no further information
	at org.springframework.web.client.RestTemplate.createResourceAccessException(RestTemplate.java:926)
	at org.springframework.web.client.RestTemplate.doExecute(RestTemplate.java:906)
	at org.springframework.web.client.RestTemplate.execute(RestTemplate.java:841)
	at org.springframework.web.client.RestTemplate.exchange(RestTemplate.java:702)
	at org.springframework.cloud.netflix.eureka.http.RestTemplateEurekaHttpClient.register(RestTemplateEurekaHttpClient.java:87)
	at com.netflix.discovery.shared.transport.decorator.EurekaHttpClientDecorator$1.execute(EurekaHttpClientDecorator.java:59)
	at com.netflix.discovery.shared.transport.decorator.RedirectingEurekaHttpClient.executeOnNewServer(RedirectingEurekaHttpClient.java:121)
	at com.netflix.discovery.shared.transport.decorator.RedirectingEurekaHttpClient.execute(RedirectingEurekaHttpClient.java:80)
	at com.netflix.discovery.shared.transport.decorator.EurekaHttpClientDecorator.register(EurekaHttpClientDecorator.java:56)
	at com.netflix.discovery.shared.transport.decorator.EurekaHttpClientDecorator$1.execute(EurekaHttpClientDecorator.java:59)
	at com.netflix.discovery.shared.transport.decorator.RetryableEurekaHttpClient.execute(RetryableEurekaHttpClient.java:120)
	at com.netflix.discovery.shared.transport.decorator.EurekaHttpClientDecorator.register(EurekaHttpClientDecorator.java:56)
	at com.netflix.discovery.shared.transport.decorator.EurekaHttpClientDecorator$1.execute(EurekaHttpClientDecorator.java:59)
	at com.netflix.discovery.shared.transport.decorator.SessionedEurekaHttpClient.execute(SessionedEurekaHttpClient.java:76)
	at com.netflix.discovery.shared.transport.decorator.EurekaHttpClientDecorator.register(EurekaHttpClientDecorator.java:56)
	at com.netflix.discovery.DiscoveryClient.register(DiscoveryClient.java:828)
	at com.netflix.discovery.InstanceInfoReplicator.run(InstanceInfoReplicator.java:125)
	at com.netflix.discovery.InstanceInfoReplicator$2.run(InstanceInfoReplicator.java:105)
	at java.base/java.util.concurrent.Executors$RunnableAdapter.call(Executors.java:539)
	at java.base/java.util.concurrent.FutureTask.run(FutureTask.java:264)
	at java.base/java.util.concurrent.ScheduledThreadPoolExecutor$ScheduledFutureTask.run(ScheduledThreadPoolExecutor.java:304)
	at java.base/java.util.concurrent.ThreadPoolExecutor.runWorker(ThreadPoolExecutor.java:1136)
	at java.base/java.util.concurrent.ThreadPoolExecutor$Worker.run(ThreadPoolExecutor.java:635)
	at java.base/java.lang.Thread.run(Thread.java:842)
Caused by: org.apache.hc.client5.http.HttpHostConnectException: Connect to http://localhost:8761 failed: Connection refused: no further information
	at java.base/sun.nio.ch.Net.pollConnect(Native Method)
	at java.base/sun.nio.ch.Net.pollConnectNow(Net.java:672)
	at java.base/sun.nio.ch.NioSocketImpl.timedFinishConnect(NioSocketImpl.java:547)
	at java.base/sun.nio.ch.NioSocketImpl.connect(NioSocketImpl.java:602)
	at java.base/java.net.SocksSocketImpl.connect(SocksSocketImpl.java:327)
	at java.base/java.net.Socket.connect(Socket.java:633)
	at org.apache.hc.client5.http.impl.io.DefaultHttpClientConnectionOperator.connect(DefaultHttpClientConnectionOperator.java:226)
	at org.apache.hc.client5.http.impl.io.PoolingHttpClientConnectionManager.connect(PoolingHttpClientConnectionManager.java:497)
	at org.apache.hc.client5.http.impl.classic.InternalExecRuntime.connectEndpoint(InternalExecRuntime.java:164)
	at org.apache.hc.client5.http.impl.classic.InternalExecRuntime.connectEndpoint(InternalExecRuntime.java:174)
	at org.apache.hc.client5.http.impl.classic.ConnectExec.execute(ConnectExec.java:144)
	at org.apache.hc.client5.http.impl.classic.ExecChainElement.execute(ExecChainElement.java:51)
	at org.apache.hc.client5.http.impl.classic.ProtocolExec.execute(ProtocolExec.java:195)
	at org.apache.hc.client5.http.impl.classic.ExecChainElement.execute(ExecChainElement.java:51)
	at org.apache.hc.client5.http.impl.classic.ContentCompressionExec.execute(ContentCompressionExec.java:168)
	at org.apache.hc.client5.http.impl.classic.ExecChainElement.execute(ExecChainElement.java:51)
	at org.apache.hc.client5.http.impl.classic.HttpRequestRetryExec.execute(HttpRequestRetryExec.java:112)
	at org.apache.hc.client5.http.impl.classic.ExecChainElement.execute(ExecChainElement.java:51)
	at org.apache.hc.client5.http.impl.classic.RedirectExec.execute(RedirectExec.java:110)
	at org.apache.hc.client5.http.impl.classic.ExecChainElement.execute(ExecChainElement.java:51)
	at org.apache.hc.client5.http.impl.classic.InternalHttpClient.doExecute(InternalHttpClient.java:185)
	at org.apache.hc.client5.http.impl.classic.CloseableHttpClient.execute(CloseableHttpClient.java:87)
	at org.apache.hc.client5.http.impl.classic.CloseableHttpClient.execute(CloseableHttpClient.java:55)
	at org.apache.hc.client5.http.classic.HttpClient.executeOpen(HttpClient.java:183)
	at org.springframework.http.client.HttpComponentsClientHttpRequest.executeInternal(HttpComponentsClientHttpRequest.java:99)
	at org.springframework.http.client.AbstractStreamingClientHttpRequest.executeInternal(AbstractStreamingClientHttpRequest.java:88)
	at org.springframework.http.client.AbstractClientHttpRequest.execute(AbstractClientHttpRequest.java:81)
	at org.springframework.http.client.InterceptingClientHttpRequest$InterceptingRequestExecution.execute(InterceptingClientHttpRequest.java:117)
	at org.springframework.cloud.netflix.eureka.http.RestTemplateTransportClientFactory.lambda$restTemplate$2(RestTemplateTransportClientFactory.java:145)
	at org.springframework.http.client.InterceptingClientHttpRequest$InterceptingRequestExecution.execute(InterceptingClientHttpRequest.java:88)
	at org.springframework.http.client.InterceptingClientHttpRequest.executeInternal(InterceptingClientHttpRequest.java:72)
	at org.springframework.http.client.AbstractBufferingClientHttpRequest.executeInternal(AbstractBufferingClientHttpRequest.java:48)
	at org.springframework.http.client.AbstractClientHttpRequest.execute(AbstractClientHttpRequest.java:81)
	at org.springframework.web.client.RestTemplate.doExecute(RestTemplate.java:900)
	... 22 more

2026-03-25 12:15:52 [DiscoveryClient-InstanceInfoReplicator-%d] WARN  c.n.d.s.t.d.RetryableEurekaHttpClient - Request execution failed with message: I/O error on POST request for "http://localhost:8761/eureka/apps/API-GATEWAY": Connect to http://localhost:8761 failed: Connection refused: no further information
2026-03-25 12:15:52 [DiscoveryClient-InstanceInfoReplicator-%d] WARN  c.netflix.discovery.DiscoveryClient - DiscoveryClient_API-GATEWAY/KRISHANMOHAN:api-gateway:9090 - registration failed Cannot execute request on any known server
com.netflix.discovery.shared.transport.TransportException: Cannot execute request on any known server
	at com.netflix.discovery.shared.transport.decorator.RetryableEurekaHttpClient.execute(RetryableEurekaHttpClient.java:112)
	at com.netflix.discovery.shared.transport.decorator.EurekaHttpClientDecorator.register(EurekaHttpClientDecorator.java:56)
	at com.netflix.discovery.shared.transport.decorator.EurekaHttpClientDecorator$1.execute(EurekaHttpClientDecorator.java:59)
	at com.netflix.discovery.shared.transport.decorator.SessionedEurekaHttpClient.execute(SessionedEurekaHttpClient.java:76)
	at com.netflix.discovery.shared.transport.decorator.EurekaHttpClientDecorator.register(EurekaHttpClientDecorator.java:56)
	at com.netflix.discovery.DiscoveryClient.register(DiscoveryClient.java:828)
	at com.netflix.discovery.InstanceInfoReplicator.run(InstanceInfoReplicator.java:125)
	at com.netflix.discovery.InstanceInfoReplicator$2.run(InstanceInfoReplicator.java:105)
	at java.base/java.util.concurrent.Executors$RunnableAdapter.call(Executors.java:539)
	at java.base/java.util.concurrent.FutureTask.run(FutureTask.java:264)
	at java.base/java.util.concurrent.ScheduledThreadPoolExecutor$ScheduledFutureTask.run(ScheduledThreadPoolExecutor.java:304)
	at java.base/java.util.concurrent.ThreadPoolExecutor.runWorker(ThreadPoolExecutor.java:1136)
	at java.base/java.util.concurrent.ThreadPoolExecutor$Worker.run(ThreadPoolExecutor.java:635)
	at java.base/java.lang.Thread.run(Thread.java:842)
2026-03-25 12:15:52 [DiscoveryClient-InstanceInfoReplicator-%d] WARN  c.n.discovery.InstanceInfoReplicator - There was a problem with the instance info replicator
com.netflix.discovery.shared.transport.TransportException: Cannot execute request on any known server
	at com.netflix.discovery.shared.transport.decorator.RetryableEurekaHttpClient.execute(RetryableEurekaHttpClient.java:112)
	at com.netflix.discovery.shared.transport.decorator.EurekaHttpClientDecorator.register(EurekaHttpClientDecorator.java:56)
	at com.netflix.discovery.shared.transport.decorator.EurekaHttpClientDecorator$1.execute(EurekaHttpClientDecorator.java:59)
	at com.netflix.discovery.shared.transport.decorator.SessionedEurekaHttpClient.execute(SessionedEurekaHttpClient.java:76)
	at com.netflix.discovery.shared.transport.decorator.EurekaHttpClientDecorator.register(EurekaHttpClientDecorator.java:56)
	at com.netflix.discovery.DiscoveryClient.register(DiscoveryClient.java:828)
	at com.netflix.discovery.InstanceInfoReplicator.run(InstanceInfoReplicator.java:125)
	at com.netflix.discovery.InstanceInfoReplicator$2.run(InstanceInfoReplicator.java:105)
	at java.base/java.util.concurrent.Executors$RunnableAdapter.call(Executors.java:539)
	at java.base/java.util.concurrent.FutureTask.run(FutureTask.java:264)
	at java.base/java.util.concurrent.ScheduledThreadPoolExecutor$ScheduledFutureTask.run(ScheduledThreadPoolExecutor.java:304)
	at java.base/java.util.concurrent.ThreadPoolExecutor.runWorker(ThreadPoolExecutor.java:1136)
	at java.base/java.util.concurrent.ThreadPoolExecutor$Worker.run(ThreadPoolExecutor.java:635)
	at java.base/java.lang.Thread.run(Thread.java:842)
2026-03-25 12:15:52 [SpringApplicationShutdownHook] INFO  o.s.b.w.e.netty.GracefulShutdown - Commencing graceful shutdown. Waiting for active requests to complete
2026-03-25 12:15:52 [netty-shutdown] INFO  o.s.b.w.e.netty.GracefulShutdown - Graceful shutdown complete
2026-03-25 12:15:55 [SpringApplicationShutdownHook] INFO  c.netflix.discovery.DiscoveryClient - Shutting down DiscoveryClient ...
