2026-03-23 22:11:45 [background-preinit] INFO  o.h.validator.internal.util.Version - HV000001: Hibernate Validator 8.0.3.Final
2026-03-23 22:11:46 [main] INFO  c.f.gateway.ApiGatewayApplication - Starting ApiGatewayApplication using Java 17.0.11 with PID 11520 (D:\FinFlow\api-gateway\target\classes started by krish in D:\FinFlow\api-gateway)
2026-03-23 22:11:46 [main] DEBUG c.f.gateway.ApiGatewayApplication - Running with Spring Boot v3.5.12, Spring v6.2.17
2026-03-23 22:11:46 [main] INFO  c.f.gateway.ApiGatewayApplication - No active profile set, falling back to 1 default profile: "default"
2026-03-23 22:11:47 [main] INFO  o.s.cloud.context.scope.GenericScope - BeanFactory id=572c3cb0-4c81-39c1-a0a4-2250459e07f3
2026-03-23 22:11:48 [main] INFO  o.s.c.g.r.RouteDefinitionRouteLocator - Loaded RoutePredicateFactory [After]
2026-03-23 22:11:48 [main] INFO  o.s.c.g.r.RouteDefinitionRouteLocator - Loaded RoutePredicateFactory [Before]
2026-03-23 22:11:48 [main] INFO  o.s.c.g.r.RouteDefinitionRouteLocator - Loaded RoutePredicateFactory [Between]
2026-03-23 22:11:48 [main] INFO  o.s.c.g.r.RouteDefinitionRouteLocator - Loaded RoutePredicateFactory [Cookie]
2026-03-23 22:11:48 [main] INFO  o.s.c.g.r.RouteDefinitionRouteLocator - Loaded RoutePredicateFactory [Header]
2026-03-23 22:11:48 [main] INFO  o.s.c.g.r.RouteDefinitionRouteLocator - Loaded RoutePredicateFactory [Host]
2026-03-23 22:11:48 [main] INFO  o.s.c.g.r.RouteDefinitionRouteLocator - Loaded RoutePredicateFactory [Method]
2026-03-23 22:11:48 [main] INFO  o.s.c.g.r.RouteDefinitionRouteLocator - Loaded RoutePredicateFactory [Path]
2026-03-23 22:11:48 [main] INFO  o.s.c.g.r.RouteDefinitionRouteLocator - Loaded RoutePredicateFactory [Query]
2026-03-23 22:11:48 [main] INFO  o.s.c.g.r.RouteDefinitionRouteLocator - Loaded RoutePredicateFactory [ReadBody]
2026-03-23 22:11:48 [main] INFO  o.s.c.g.r.RouteDefinitionRouteLocator - Loaded RoutePredicateFactory [RemoteAddr]
2026-03-23 22:11:48 [main] INFO  o.s.c.g.r.RouteDefinitionRouteLocator - Loaded RoutePredicateFactory [XForwardedRemoteAddr]
2026-03-23 22:11:48 [main] INFO  o.s.c.g.r.RouteDefinitionRouteLocator - Loaded RoutePredicateFactory [Weight]
2026-03-23 22:11:48 [main] INFO  o.s.c.g.r.RouteDefinitionRouteLocator - Loaded RoutePredicateFactory [CloudFoundryRouteService]
2026-03-23 22:11:49 [main] INFO  o.s.c.n.e.c.DiscoveryClientOptionalArgsConfiguration - Eureka HTTP Client uses RestTemplate.
2026-03-23 22:11:49 [main] WARN  o.s.c.l.c.LoadBalancerCacheAutoConfiguration$LoadBalancerCaffeineWarnLogger - Spring Cloud LoadBalancer is currently working with the default cache. While this cache implementation is useful for development and tests, it's recommended to use Caffeine cache in production.You can switch to using Caffeine cache, by adding it and org.springframework.cache.caffeine.CaffeineCacheManager to the classpath.
2026-03-23 22:11:49 [main] INFO  o.s.c.n.eureka.InstanceInfoFactory - Setting initial instance status as: STARTING
2026-03-23 22:11:49 [main] INFO  c.netflix.discovery.DiscoveryClient - Initializing Eureka in region us-east-1
2026-03-23 22:11:49 [main] INFO  c.n.d.s.r.aws.ConfigClusterResolver - Resolving eureka endpoints via configuration
2026-03-23 22:11:49 [main] INFO  c.netflix.discovery.DiscoveryClient - Disable delta property : false
2026-03-23 22:11:49 [main] INFO  c.netflix.discovery.DiscoveryClient - Single vip registry refresh property : null
2026-03-23 22:11:49 [main] INFO  c.netflix.discovery.DiscoveryClient - Force full registry fetch : false
2026-03-23 22:11:49 [main] INFO  c.netflix.discovery.DiscoveryClient - Application is null : false
2026-03-23 22:11:49 [main] INFO  c.netflix.discovery.DiscoveryClient - Registered Applications size is zero : true
2026-03-23 22:11:49 [main] INFO  c.netflix.discovery.DiscoveryClient - Application version is -1: true
2026-03-23 22:11:49 [main] INFO  c.netflix.discovery.DiscoveryClient - Getting all instance registry info from the eureka server
2026-03-23 22:11:49 [main] INFO  c.netflix.discovery.DiscoveryClient - The response status is 200
2026-03-23 22:11:49 [main] INFO  c.netflix.discovery.DiscoveryClient - Starting heartbeat executor: renew interval is: 30
2026-03-23 22:11:49 [main] INFO  c.n.discovery.InstanceInfoReplicator - InstanceInfoReplicator onDemand update allowed rate per min is 4
2026-03-23 22:11:49 [main] INFO  c.netflix.discovery.DiscoveryClient - Discovery Client initialized at timestamp 1774284109971 with initial instances count: 4
2026-03-23 22:11:49 [main] INFO  o.s.c.n.e.s.EurekaServiceRegistry - Registering application API-GATEWAY with eureka with status UP
2026-03-23 22:11:49 [main] INFO  c.netflix.discovery.DiscoveryClient - Saw local status change event StatusChangeEvent [timestamp=1774284109979, current=UP, previous=STARTING]
2026-03-23 22:11:49 [DiscoveryClient-InstanceInfoReplicator-%d] INFO  c.netflix.discovery.DiscoveryClient - DiscoveryClient_API-GATEWAY/172.22.33.144:api-gateway:9090: registering service...
2026-03-23 22:11:50 [DiscoveryClient-InstanceInfoReplicator-%d] INFO  c.netflix.discovery.DiscoveryClient - DiscoveryClient_API-GATEWAY/172.22.33.144:api-gateway:9090 - registration status: 204
2026-03-23 22:11:52 [main] INFO  o.s.c.n.e.s.EurekaServiceRegistry - Unregistering application API-GATEWAY with eureka with status DOWN
2026-03-23 22:11:52 [main] INFO  c.netflix.discovery.DiscoveryClient - Saw local status change event StatusChangeEvent [timestamp=1774284112334, current=DOWN, previous=UP]
2026-03-23 22:11:52 [DiscoveryClient-InstanceInfoReplicator-%d] INFO  c.netflix.discovery.DiscoveryClient - DiscoveryClient_API-GATEWAY/172.22.33.144:api-gateway:9090: registering service...
2026-03-23 22:11:52 [main] WARN  o.s.b.w.r.c.AnnotationConfigReactiveWebServerApplicationContext - Exception encountered during context initialization - cancelling refresh attempt: org.springframework.context.ApplicationContextException: Failed to start bean 'webServerStartStop'
2026-03-23 22:11:52 [main] INFO  c.netflix.discovery.DiscoveryClient - Shutting down DiscoveryClient ...
2026-03-23 22:11:52 [DiscoveryClient-InstanceInfoReplicator-%d] INFO  c.netflix.discovery.DiscoveryClient - DiscoveryClient_API-GATEWAY/172.22.33.144:api-gateway:9090 - registration status: 204
2026-03-23 22:11:52 [main] INFO  c.netflix.discovery.DiscoveryClient - Unregistering ...
2026-03-23 22:11:52 [main] INFO  c.netflix.discovery.DiscoveryClient - DiscoveryClient_API-GATEWAY/172.22.33.144:api-gateway:9090 - deregister  status: 200
2026-03-23 22:11:52 [main] INFO  c.netflix.discovery.DiscoveryClient - Completed shut down of DiscoveryClient
2026-03-23 22:11:52 [main] INFO  o.s.b.a.l.ConditionEvaluationReportLogger - 

Error starting ApplicationContext. To display the condition evaluation report re-run your application with 'debug' enabled.
2026-03-23 22:11:52 [main] ERROR o.s.b.d.LoggingFailureAnalysisReporter - 

***************************
APPLICATION FAILED TO START
***************************

Description:

Web server failed to start. Port 9090 was already in use.

Action:

Identify and stop the process that's listening on port 9090 or configure this application to listen on another port.

2026-03-23 22:54:53 [background-preinit] INFO  o.h.validator.internal.util.Version - HV000001: Hibernate Validator 8.0.3.Final
2026-03-23 22:54:53 [main] INFO  c.f.gateway.ApiGatewayApplication - Starting ApiGatewayApplication using Java 17.0.11 with PID 13940 (D:\FinFlow\api-gateway\target\classes started by krish in D:\FinFlow\api-gateway)
2026-03-23 22:54:53 [main] DEBUG c.f.gateway.ApiGatewayApplication - Running with Spring Boot v3.5.12, Spring v6.2.17
2026-03-23 22:54:53 [main] INFO  c.f.gateway.ApiGatewayApplication - No active profile set, falling back to 1 default profile: "default"
2026-03-23 22:54:55 [main] INFO  o.s.cloud.context.scope.GenericScope - BeanFactory id=572c3cb0-4c81-39c1-a0a4-2250459e07f3
2026-03-23 22:54:57 [main] INFO  o.s.c.g.r.RouteDefinitionRouteLocator - Loaded RoutePredicateFactory [After]
2026-03-23 22:54:57 [main] INFO  o.s.c.g.r.RouteDefinitionRouteLocator - Loaded RoutePredicateFactory [Before]
2026-03-23 22:54:57 [main] INFO  o.s.c.g.r.RouteDefinitionRouteLocator - Loaded RoutePredicateFactory [Between]
2026-03-23 22:54:57 [main] INFO  o.s.c.g.r.RouteDefinitionRouteLocator - Loaded RoutePredicateFactory [Cookie]
2026-03-23 22:54:57 [main] INFO  o.s.c.g.r.RouteDefinitionRouteLocator - Loaded RoutePredicateFactory [Header]
2026-03-23 22:54:57 [main] INFO  o.s.c.g.r.RouteDefinitionRouteLocator - Loaded RoutePredicateFactory [Host]
2026-03-23 22:54:57 [main] INFO  o.s.c.g.r.RouteDefinitionRouteLocator - Loaded RoutePredicateFactory [Method]
2026-03-23 22:54:57 [main] INFO  o.s.c.g.r.RouteDefinitionRouteLocator - Loaded RoutePredicateFactory [Path]
2026-03-23 22:54:57 [main] INFO  o.s.c.g.r.RouteDefinitionRouteLocator - Loaded RoutePredicateFactory [Query]
2026-03-23 22:54:57 [main] INFO  o.s.c.g.r.RouteDefinitionRouteLocator - Loaded RoutePredicateFactory [ReadBody]
2026-03-23 22:54:57 [main] INFO  o.s.c.g.r.RouteDefinitionRouteLocator - Loaded RoutePredicateFactory [RemoteAddr]
2026-03-23 22:54:57 [main] INFO  o.s.c.g.r.RouteDefinitionRouteLocator - Loaded RoutePredicateFactory [XForwardedRemoteAddr]
2026-03-23 22:54:57 [main] INFO  o.s.c.g.r.RouteDefinitionRouteLocator - Loaded RoutePredicateFactory [Weight]
2026-03-23 22:54:57 [main] INFO  o.s.c.g.r.RouteDefinitionRouteLocator - Loaded RoutePredicateFactory [CloudFoundryRouteService]
2026-03-23 22:54:58 [main] INFO  o.s.c.n.e.c.DiscoveryClientOptionalArgsConfiguration - Eureka HTTP Client uses RestTemplate.
2026-03-23 22:54:59 [main] WARN  o.s.c.l.c.LoadBalancerCacheAutoConfiguration$LoadBalancerCaffeineWarnLogger - Spring Cloud LoadBalancer is currently working with the default cache. While this cache implementation is useful for development and tests, it's recommended to use Caffeine cache in production.You can switch to using Caffeine cache, by adding it and org.springframework.cache.caffeine.CaffeineCacheManager to the classpath.
2026-03-23 22:54:59 [main] INFO  o.s.c.n.eureka.InstanceInfoFactory - Setting initial instance status as: STARTING
2026-03-23 22:54:59 [main] INFO  c.netflix.discovery.DiscoveryClient - Initializing Eureka in region us-east-1
2026-03-23 22:54:59 [main] INFO  c.n.d.s.r.aws.ConfigClusterResolver - Resolving eureka endpoints via configuration
2026-03-23 22:54:59 [main] INFO  c.netflix.discovery.DiscoveryClient - Disable delta property : false
2026-03-23 22:54:59 [main] INFO  c.netflix.discovery.DiscoveryClient - Single vip registry refresh property : null
2026-03-23 22:54:59 [main] INFO  c.netflix.discovery.DiscoveryClient - Force full registry fetch : false
2026-03-23 22:54:59 [main] INFO  c.netflix.discovery.DiscoveryClient - Application is null : false
2026-03-23 22:54:59 [main] INFO  c.netflix.discovery.DiscoveryClient - Registered Applications size is zero : true
2026-03-23 22:54:59 [main] INFO  c.netflix.discovery.DiscoveryClient - Application version is -1: true
2026-03-23 22:54:59 [main] INFO  c.netflix.discovery.DiscoveryClient - Getting all instance registry info from the eureka server
2026-03-23 22:55:00 [main] INFO  c.netflix.discovery.DiscoveryClient - The response status is 200
2026-03-23 22:55:00 [main] INFO  c.netflix.discovery.DiscoveryClient - Starting heartbeat executor: renew interval is: 30
2026-03-23 22:55:00 [main] INFO  c.n.discovery.InstanceInfoReplicator - InstanceInfoReplicator onDemand update allowed rate per min is 4
2026-03-23 22:55:00 [main] INFO  c.netflix.discovery.DiscoveryClient - Discovery Client initialized at timestamp 1774286700373 with initial instances count: 0
2026-03-23 22:55:00 [main] INFO  o.s.c.n.e.s.EurekaServiceRegistry - Registering application API-GATEWAY with eureka with status UP
2026-03-23 22:55:00 [main] INFO  c.netflix.discovery.DiscoveryClient - Saw local status change event StatusChangeEvent [timestamp=1774286700382, current=UP, previous=STARTING]
2026-03-23 22:55:00 [DiscoveryClient-InstanceInfoReplicator-%d] INFO  c.netflix.discovery.DiscoveryClient - DiscoveryClient_API-GATEWAY/172.22.33.144:api-gateway:9090: registering service...
2026-03-23 22:55:00 [DiscoveryClient-InstanceInfoReplicator-%d] INFO  c.netflix.discovery.DiscoveryClient - DiscoveryClient_API-GATEWAY/172.22.33.144:api-gateway:9090 - registration status: 204
2026-03-23 22:55:00 [main] INFO  o.s.b.w.e.netty.NettyWebServer - Netty started on port 9090 (http)
2026-03-23 22:55:00 [main] INFO  o.s.c.n.e.s.EurekaAutoServiceRegistration - Updating port to 9090
2026-03-23 22:55:01 [main] INFO  c.f.gateway.ApiGatewayApplication - Started ApiGatewayApplication in 9.007 seconds (process running for 10.055)
2026-03-23 22:55:01 [main] INFO  c.f.gateway.ApiGatewayApplication - ? API Gateway Started on port 9090
2026-03-23 22:55:01 [main] INFO  c.f.gateway.ApiGatewayApplication - ? All requests routed through ? http://localhost:9090
2026-03-23 22:55:30 [DiscoveryClient-CacheRefreshExecutor-%d] INFO  c.netflix.discovery.DiscoveryClient - Disable delta property : false
2026-03-23 22:55:30 [DiscoveryClient-CacheRefreshExecutor-%d] INFO  c.netflix.discovery.DiscoveryClient - Single vip registry refresh property : null
2026-03-23 22:55:30 [DiscoveryClient-CacheRefreshExecutor-%d] INFO  c.netflix.discovery.DiscoveryClient - Force full registry fetch : false
2026-03-23 22:55:30 [DiscoveryClient-CacheRefreshExecutor-%d] INFO  c.netflix.discovery.DiscoveryClient - Application is null : false
2026-03-23 22:55:30 [DiscoveryClient-CacheRefreshExecutor-%d] INFO  c.netflix.discovery.DiscoveryClient - Registered Applications size is zero : true
2026-03-23 22:55:30 [DiscoveryClient-CacheRefreshExecutor-%d] INFO  c.netflix.discovery.DiscoveryClient - Application version is -1: false
2026-03-23 22:55:30 [DiscoveryClient-CacheRefreshExecutor-%d] INFO  c.netflix.discovery.DiscoveryClient - Getting all instance registry info from the eureka server
2026-03-23 22:55:30 [DiscoveryClient-CacheRefreshExecutor-%d] INFO  c.netflix.discovery.DiscoveryClient - The response status is 200
2026-03-23 22:59:59 [AsyncResolver-bootstrap-executor-%d] INFO  c.n.d.s.r.aws.ConfigClusterResolver - Resolving eureka endpoints via configuration
2026-03-23 23:04:59 [AsyncResolver-bootstrap-executor-%d] INFO  c.n.d.s.r.aws.ConfigClusterResolver - Resolving eureka endpoints via configuration
2026-03-23 23:05:47 [reactor-http-nio-3] INFO  c.f.gateway.filter.JwtGatewayFilter - ? Incoming request ? [POST /auth/register]
2026-03-23 23:05:47 [reactor-http-nio-3] INFO  c.f.gateway.filter.JwtGatewayFilter - ? Public path, skipping JWT check ? /auth/register
2026-03-23 23:06:29 [reactor-http-nio-3] INFO  c.f.gateway.filter.JwtGatewayFilter - ? Incoming request ? [POST /auth/register]
2026-03-23 23:06:29 [reactor-http-nio-3] INFO  c.f.gateway.filter.JwtGatewayFilter - ? Public path, skipping JWT check ? /auth/register
2026-03-23 23:09:59 [AsyncResolver-bootstrap-executor-%d] INFO  c.n.d.s.r.aws.ConfigClusterResolver - Resolving eureka endpoints via configuration
2026-03-23 23:10:01 [reactor-http-nio-5] INFO  c.f.gateway.filter.JwtGatewayFilter - ? Incoming request ? [POST /auth/register]
2026-03-23 23:10:01 [reactor-http-nio-5] INFO  c.f.gateway.filter.JwtGatewayFilter - ? Public path, skipping JWT check ? /auth/register
2026-03-23 23:10:39 [reactor-http-nio-5] INFO  c.f.gateway.filter.JwtGatewayFilter - ? Incoming request ? [POST /auth/register]
2026-03-23 23:10:39 [reactor-http-nio-5] INFO  c.f.gateway.filter.JwtGatewayFilter - ? Public path, skipping JWT check ? /auth/register
2026-03-23 23:14:59 [AsyncResolver-bootstrap-executor-%d] INFO  c.n.d.s.r.aws.ConfigClusterResolver - Resolving eureka endpoints via configuration
2026-03-23 23:19:59 [AsyncResolver-bootstrap-executor-%d] INFO  c.n.d.s.r.aws.ConfigClusterResolver - Resolving eureka endpoints via configuration
